2025-07-04 20:25:26,194 - ERROR - Download error for file https://models.datalab.to/text_recognition/2025_05_16/model.safetensors: ('Connection broken: IncompleteRead(246379114 bytes read, 1388530356 more expected)', IncompleteRead(246379114 bytes read, 1388530356 more expected))
2025-07-04 20:25:26,200 - ERROR - Error downloading model from text_recognition/2025_05_16. Attempt 1 of 3. Error: ('Connection broken: IncompleteRead(246379114 bytes read, 1388530356 more expected)', IncompleteRead(246379114 bytes read, 1388530356 more expected))
2025-07-04 20:25:26,200 - INFO - Retrying in 5 seconds...
2025-07-04 20:30:06,446 - ERROR - Download error for file https://models.datalab.to/text_recognition/2025_05_16/model.safetensors: ('Connection broken: IncompleteRead(101085824 bytes read, 1533823646 more expected)', IncompleteRead(101085824 bytes read, 1533823646 more expected))
2025-07-04 20:30:06,453 - ERROR - Error downloading model from text_recognition/2025_05_16. Attempt 2 of 3. Error: ('Connection broken: IncompleteRead(101085824 bytes read, 1533823646 more expected)', IncompleteRead(101085824 bytes read, 1533823646 more expected))
2025-07-04 20:30:06,454 - INFO - Retrying in 5 seconds...
2025-07-04 20:34:38,104 - ERROR - Download error for file https://models.datalab.to/text_recognition/2025_05_16/model.safetensors: ('Connection broken: IncompleteRead(261649000 bytes read, 1373260470 more expected)', IncompleteRead(261649000 bytes read, 1373260470 more expected))
2025-07-04 20:34:38,110 - ERROR - Error downloading model from text_recognition/2025_05_16. Attempt 3 of 3. Error: ('Connection broken: IncompleteRead(261649000 bytes read, 1373260470 more expected)', IncompleteRead(261649000 bytes read, 1373260470 more expected))
2025-07-04 20:34:38,110 - ERROR - Failed to download text_recognition/2025_05_16 after 3 attempts.
2025-07-04 20:44:01,137 - ERROR - Error downloading model from text_recognition/2025_05_16. Attempt 1 of 3. Error: [Errno 28] No space left on device
2025-07-04 20:44:01,138 - INFO - Retrying in 5 seconds...
2025-07-04 20:50:30,757 - ERROR - Download error for file https://models.datalab.to/text_recognition/2025_05_16/model.safetensors: ('Connection broken: IncompleteRead(605827672 bytes read, 1029081798 more expected)', IncompleteRead(605827672 bytes read, 1029081798 more expected))
2025-07-04 20:50:30,763 - ERROR - Error downloading model from text_recognition/2025_05_16. Attempt 2 of 3. Error: ('Connection broken: IncompleteRead(605827672 bytes read, 1029081798 more expected)', IncompleteRead(605827672 bytes read, 1029081798 more expected))
2025-07-04 20:50:30,764 - INFO - Retrying in 5 seconds...
2025-07-04 20:57:24,839 - ERROR - Download error for file https://models.datalab.to/text_recognition/2025_05_16/model.safetensors: ('Connection broken: IncompleteRead(24277612 bytes read, 1610631858 more expected)', IncompleteRead(24277612 bytes read, 1610631858 more expected))
2025-07-04 20:57:24,844 - ERROR - Error downloading model from text_recognition/2025_05_16. Attempt 3 of 3. Error: ('Connection broken: IncompleteRead(24277612 bytes read, 1610631858 more expected)', IncompleteRead(24277612 bytes read, 1610631858 more expected))
2025-07-04 20:57:24,845 - ERROR - Failed to download text_recognition/2025_05_16 after 3 attempts.
2025-07-04 21:01:02,919 - ERROR - Download error for file https://models.datalab.to/text_recognition/2025_05_16/model.safetensors: ('Connection broken: IncompleteRead(104985173 bytes read, 1529924297 more expected)', IncompleteRead(104985173 bytes read, 1529924297 more expected))
2025-07-04 21:01:02,925 - ERROR - Error downloading model from text_recognition/2025_05_16. Attempt 1 of 3. Error: ('Connection broken: IncompleteRead(104985173 bytes read, 1529924297 more expected)', IncompleteRead(104985173 bytes read, 1529924297 more expected))
2025-07-04 21:01:02,925 - INFO - Retrying in 5 seconds...
2025-07-04 21:04:19,435 - ERROR - Download error for file https://models.datalab.to/text_recognition/2025_05_16/model.safetensors: ('Connection broken: IncompleteRead(635941467 bytes read, 998968003 more expected)', IncompleteRead(635941467 bytes read, 998968003 more expected))
2025-07-04 21:04:19,441 - ERROR - Error downloading model from text_recognition/2025_05_16. Attempt 2 of 3. Error: ('Connection broken: IncompleteRead(635941467 bytes read, 998968003 more expected)', IncompleteRead(635941467 bytes read, 998968003 more expected))
2025-07-04 21:04:19,442 - INFO - Retrying in 5 seconds...
2025-07-04 21:04:25,578 - ERROR - Download error for file https://models.datalab.to/text_recognition/2025_05_16/manifest.json: HTTPSConnectionPool(host='models.datalab.to', port=443): Max retries exceeded with url: /text_recognition/2025_05_16/manifest.json (Caused by SSLError(SSLEOFError(8, '[SSL: UNEXPECTED_EOF_WHILE_READING] EOF occurred in violation of protocol (_ssl.c:1017)')))
2025-07-04 21:04:25,579 - ERROR - Error downloading model from text_recognition/2025_05_16. Attempt 3 of 3. Error: HTTPSConnectionPool(host='models.datalab.to', port=443): Max retries exceeded with url: /text_recognition/2025_05_16/manifest.json (Caused by SSLError(SSLEOFError(8, '[SSL: UNEXPECTED_EOF_WHILE_READING] EOF occurred in violation of protocol (_ssl.c:1017)')))
2025-07-04 21:04:25,580 - ERROR - Failed to download text_recognition/2025_05_16 after 3 attempts.
2025-07-04 21:04:27,248 - ERROR - Download error for file https://models.datalab.to/text_recognition/2025_05_16/manifest.json: HTTPSConnectionPool(host='models.datalab.to', port=443): Max retries exceeded with url: /text_recognition/2025_05_16/manifest.json (Caused by SSLError(SSLEOFError(8, '[SSL: UNEXPECTED_EOF_WHILE_READING] EOF occurred in violation of protocol (_ssl.c:1017)')))
2025-07-04 21:04:27,249 - ERROR - Error downloading model from text_recognition/2025_05_16. Attempt 1 of 3. Error: HTTPSConnectionPool(host='models.datalab.to', port=443): Max retries exceeded with url: /text_recognition/2025_05_16/manifest.json (Caused by SSLError(SSLEOFError(8, '[SSL: UNEXPECTED_EOF_WHILE_READING] EOF occurred in violation of protocol (_ssl.c:1017)')))
2025-07-04 21:04:27,250 - INFO - Retrying in 5 seconds...
2025-07-04 21:04:33,385 - ERROR - Download error for file https://models.datalab.to/text_recognition/2025_05_16/manifest.json: HTTPSConnectionPool(host='models.datalab.to', port=443): Max retries exceeded with url: /text_recognition/2025_05_16/manifest.json (Caused by SSLError(SSLEOFError(8, '[SSL: UNEXPECTED_EOF_WHILE_READING] EOF occurred in violation of protocol (_ssl.c:1017)')))
2025-07-04 21:04:33,386 - ERROR - Error downloading model from text_recognition/2025_05_16. Attempt 2 of 3. Error: HTTPSConnectionPool(host='models.datalab.to', port=443): Max retries exceeded with url: /text_recognition/2025_05_16/manifest.json (Caused by SSLError(SSLEOFError(8, '[SSL: UNEXPECTED_EOF_WHILE_READING] EOF occurred in violation of protocol (_ssl.c:1017)')))
2025-07-04 21:04:33,387 - INFO - Retrying in 5 seconds...
2025-07-04 21:04:39,499 - ERROR - Download error for file https://models.datalab.to/text_recognition/2025_05_16/manifest.json: HTTPSConnectionPool(host='models.datalab.to', port=443): Max retries exceeded with url: /text_recognition/2025_05_16/manifest.json (Caused by SSLError(SSLEOFError(8, '[SSL: UNEXPECTED_EOF_WHILE_READING] EOF occurred in violation of protocol (_ssl.c:1017)')))
2025-07-04 21:04:39,500 - ERROR - Error downloading model from text_recognition/2025_05_16. Attempt 3 of 3. Error: HTTPSConnectionPool(host='models.datalab.to', port=443): Max retries exceeded with url: /text_recognition/2025_05_16/manifest.json (Caused by SSLError(SSLEOFError(8, '[SSL: UNEXPECTED_EOF_WHILE_READING] EOF occurred in violation of protocol (_ssl.c:1017)')))
2025-07-04 21:04:39,501 - ERROR - Failed to download text_recognition/2025_05_16 after 3 attempts.
2025-07-04 21:04:41,181 - ERROR - Download error for file https://models.datalab.to/text_recognition/2025_05_16/manifest.json: HTTPSConnectionPool(host='models.datalab.to', port=443): Max retries exceeded with url: /text_recognition/2025_05_16/manifest.json (Caused by SSLError(SSLEOFError(8, '[SSL: UNEXPECTED_EOF_WHILE_READING] EOF occurred in violation of protocol (_ssl.c:1017)')))
2025-07-04 21:04:41,183 - ERROR - Error downloading model from text_recognition/2025_05_16. Attempt 1 of 3. Error: HTTPSConnectionPool(host='models.datalab.to', port=443): Max retries exceeded with url: /text_recognition/2025_05_16/manifest.json (Caused by SSLError(SSLEOFError(8, '[SSL: UNEXPECTED_EOF_WHILE_READING] EOF occurred in violation of protocol (_ssl.c:1017)')))
2025-07-04 21:04:41,183 - INFO - Retrying in 5 seconds...
2025-07-04 21:04:47,335 - ERROR - Download error for file https://models.datalab.to/text_recognition/2025_05_16/manifest.json: HTTPSConnectionPool(host='models.datalab.to', port=443): Max retries exceeded with url: /text_recognition/2025_05_16/manifest.json (Caused by SSLError(SSLEOFError(8, '[SSL: UNEXPECTED_EOF_WHILE_READING] EOF occurred in violation of protocol (_ssl.c:1017)')))
2025-07-04 21:04:47,336 - ERROR - Error downloading model from text_recognition/2025_05_16. Attempt 2 of 3. Error: HTTPSConnectionPool(host='models.datalab.to', port=443): Max retries exceeded with url: /text_recognition/2025_05_16/manifest.json (Caused by SSLError(SSLEOFError(8, '[SSL: UNEXPECTED_EOF_WHILE_READING] EOF occurred in violation of protocol (_ssl.c:1017)')))
2025-07-04 21:04:47,337 - INFO - Retrying in 5 seconds...
2025-07-04 21:04:53,507 - ERROR - Download error for file https://models.datalab.to/text_recognition/2025_05_16/manifest.json: HTTPSConnectionPool(host='models.datalab.to', port=443): Max retries exceeded with url: /text_recognition/2025_05_16/manifest.json (Caused by SSLError(SSLEOFError(8, '[SSL: UNEXPECTED_EOF_WHILE_READING] EOF occurred in violation of protocol (_ssl.c:1017)')))
2025-07-04 21:04:53,509 - ERROR - Error downloading model from text_recognition/2025_05_16. Attempt 3 of 3. Error: HTTPSConnectionPool(host='models.datalab.to', port=443): Max retries exceeded with url: /text_recognition/2025_05_16/manifest.json (Caused by SSLError(SSLEOFError(8, '[SSL: UNEXPECTED_EOF_WHILE_READING] EOF occurred in violation of protocol (_ssl.c:1017)')))
2025-07-04 21:04:53,509 - ERROR - Failed to download text_recognition/2025_05_16 after 3 attempts.
2025-07-04 21:04:55,171 - ERROR - Download error for file https://models.datalab.to/text_recognition/2025_05_16/manifest.json: HTTPSConnectionPool(host='models.datalab.to', port=443): Max retries exceeded with url: /text_recognition/2025_05_16/manifest.json (Caused by SSLError(SSLEOFError(8, '[SSL: UNEXPECTED_EOF_WHILE_READING] EOF occurred in violation of protocol (_ssl.c:1017)')))
2025-07-04 21:04:55,172 - ERROR - Error downloading model from text_recognition/2025_05_16. Attempt 1 of 3. Error: HTTPSConnectionPool(host='models.datalab.to', port=443): Max retries exceeded with url: /text_recognition/2025_05_16/manifest.json (Caused by SSLError(SSLEOFError(8, '[SSL: UNEXPECTED_EOF_WHILE_READING] EOF occurred in violation of protocol (_ssl.c:1017)')))
2025-07-04 21:04:55,173 - INFO - Retrying in 5 seconds...
2025-07-04 21:05:01,325 - ERROR - Download error for file https://models.datalab.to/text_recognition/2025_05_16/manifest.json: HTTPSConnectionPool(host='models.datalab.to', port=443): Max retries exceeded with url: /text_recognition/2025_05_16/manifest.json (Caused by SSLError(SSLEOFError(8, '[SSL: UNEXPECTED_EOF_WHILE_READING] EOF occurred in violation of protocol (_ssl.c:1017)')))
2025-07-04 21:05:01,327 - ERROR - Error downloading model from text_recognition/2025_05_16. Attempt 2 of 3. Error: HTTPSConnectionPool(host='models.datalab.to', port=443): Max retries exceeded with url: /text_recognition/2025_05_16/manifest.json (Caused by SSLError(SSLEOFError(8, '[SSL: UNEXPECTED_EOF_WHILE_READING] EOF occurred in violation of protocol (_ssl.c:1017)')))
2025-07-04 21:05:01,327 - INFO - Retrying in 5 seconds...
2025-07-04 21:05:07,487 - ERROR - Download error for file https://models.datalab.to/text_recognition/2025_05_16/manifest.json: HTTPSConnectionPool(host='models.datalab.to', port=443): Max retries exceeded with url: /text_recognition/2025_05_16/manifest.json (Caused by SSLError(SSLEOFError(8, '[SSL: UNEXPECTED_EOF_WHILE_READING] EOF occurred in violation of protocol (_ssl.c:1017)')))
2025-07-04 21:05:07,488 - ERROR - Error downloading model from text_recognition/2025_05_16. Attempt 3 of 3. Error: HTTPSConnectionPool(host='models.datalab.to', port=443): Max retries exceeded with url: /text_recognition/2025_05_16/manifest.json (Caused by SSLError(SSLEOFError(8, '[SSL: UNEXPECTED_EOF_WHILE_READING] EOF occurred in violation of protocol (_ssl.c:1017)')))
2025-07-04 21:05:07,489 - ERROR - Failed to download text_recognition/2025_05_16 after 3 attempts.
2025-07-04 21:05:09,163 - ERROR - Download error for file https://models.datalab.to/text_recognition/2025_05_16/manifest.json: HTTPSConnectionPool(host='models.datalab.to', port=443): Max retries exceeded with url: /text_recognition/2025_05_16/manifest.json (Caused by SSLError(SSLEOFError(8, '[SSL: UNEXPECTED_EOF_WHILE_READING] EOF occurred in violation of protocol (_ssl.c:1017)')))
2025-07-04 21:05:09,164 - ERROR - Error downloading model from text_recognition/2025_05_16. Attempt 1 of 3. Error: HTTPSConnectionPool(host='models.datalab.to', port=443): Max retries exceeded with url: /text_recognition/2025_05_16/manifest.json (Caused by SSLError(SSLEOFError(8, '[SSL: UNEXPECTED_EOF_WHILE_READING] EOF occurred in violation of protocol (_ssl.c:1017)')))
2025-07-04 21:05:09,165 - INFO - Retrying in 5 seconds...
2025-07-04 21:05:15,311 - ERROR - Download error for file https://models.datalab.to/text_recognition/2025_05_16/manifest.json: HTTPSConnectionPool(host='models.datalab.to', port=443): Max retries exceeded with url: /text_recognition/2025_05_16/manifest.json (Caused by SSLError(SSLEOFError(8, '[SSL: UNEXPECTED_EOF_WHILE_READING] EOF occurred in violation of protocol (_ssl.c:1017)')))
2025-07-04 21:05:15,312 - ERROR - Error downloading model from text_recognition/2025_05_16. Attempt 2 of 3. Error: HTTPSConnectionPool(host='models.datalab.to', port=443): Max retries exceeded with url: /text_recognition/2025_05_16/manifest.json (Caused by SSLError(SSLEOFError(8, '[SSL: UNEXPECTED_EOF_WHILE_READING] EOF occurred in violation of protocol (_ssl.c:1017)')))
2025-07-04 21:05:15,313 - INFO - Retrying in 5 seconds...
2025-07-04 21:05:21,453 - ERROR - Download error for file https://models.datalab.to/text_recognition/2025_05_16/manifest.json: HTTPSConnectionPool(host='models.datalab.to', port=443): Max retries exceeded with url: /text_recognition/2025_05_16/manifest.json (Caused by SSLError(SSLEOFError(8, '[SSL: UNEXPECTED_EOF_WHILE_READING] EOF occurred in violation of protocol (_ssl.c:1017)')))
2025-07-04 21:05:21,454 - ERROR - Error downloading model from text_recognition/2025_05_16. Attempt 3 of 3. Error: HTTPSConnectionPool(host='models.datalab.to', port=443): Max retries exceeded with url: /text_recognition/2025_05_16/manifest.json (Caused by SSLError(SSLEOFError(8, '[SSL: UNEXPECTED_EOF_WHILE_READING] EOF occurred in violation of protocol (_ssl.c:1017)')))
2025-07-04 21:05:21,455 - ERROR - Failed to download text_recognition/2025_05_16 after 3 attempts.
2025-07-04 21:05:23,112 - ERROR - Download error for file https://models.datalab.to/text_recognition/2025_05_16/manifest.json: HTTPSConnectionPool(host='models.datalab.to', port=443): Max retries exceeded with url: /text_recognition/2025_05_16/manifest.json (Caused by SSLError(SSLEOFError(8, '[SSL: UNEXPECTED_EOF_WHILE_READING] EOF occurred in violation of protocol (_ssl.c:1017)')))
2025-07-04 21:05:23,113 - ERROR - Error downloading model from text_recognition/2025_05_16. Attempt 1 of 3. Error: HTTPSConnectionPool(host='models.datalab.to', port=443): Max retries exceeded with url: /text_recognition/2025_05_16/manifest.json (Caused by SSLError(SSLEOFError(8, '[SSL: UNEXPECTED_EOF_WHILE_READING] EOF occurred in violation of protocol (_ssl.c:1017)')))
2025-07-04 21:05:23,114 - INFO - Retrying in 5 seconds...
2025-07-04 21:05:29,256 - ERROR - Download error for file https://models.datalab.to/text_recognition/2025_05_16/manifest.json: HTTPSConnectionPool(host='models.datalab.to', port=443): Max retries exceeded with url: /text_recognition/2025_05_16/manifest.json (Caused by SSLError(SSLEOFError(8, '[SSL: UNEXPECTED_EOF_WHILE_READING] EOF occurred in violation of protocol (_ssl.c:1017)')))
2025-07-04 21:05:29,257 - ERROR - Error downloading model from text_recognition/2025_05_16. Attempt 2 of 3. Error: HTTPSConnectionPool(host='models.datalab.to', port=443): Max retries exceeded with url: /text_recognition/2025_05_16/manifest.json (Caused by SSLError(SSLEOFError(8, '[SSL: UNEXPECTED_EOF_WHILE_READING] EOF occurred in violation of protocol (_ssl.c:1017)')))
2025-07-04 21:05:29,258 - INFO - Retrying in 5 seconds...
2025-07-04 21:05:35,406 - ERROR - Download error for file https://models.datalab.to/text_recognition/2025_05_16/manifest.json: HTTPSConnectionPool(host='models.datalab.to', port=443): Max retries exceeded with url: /text_recognition/2025_05_16/manifest.json (Caused by SSLError(SSLEOFError(8, '[SSL: UNEXPECTED_EOF_WHILE_READING] EOF occurred in violation of protocol (_ssl.c:1017)')))
2025-07-04 21:05:35,407 - ERROR - Error downloading model from text_recognition/2025_05_16. Attempt 3 of 3. Error: HTTPSConnectionPool(host='models.datalab.to', port=443): Max retries exceeded with url: /text_recognition/2025_05_16/manifest.json (Caused by SSLError(SSLEOFError(8, '[SSL: UNEXPECTED_EOF_WHILE_READING] EOF occurred in violation of protocol (_ssl.c:1017)')))
2025-07-04 21:05:35,407 - ERROR - Failed to download text_recognition/2025_05_16 after 3 attempts.
2025-07-04 21:05:37,134 - ERROR - Download error for file https://models.datalab.to/text_recognition/2025_05_16/manifest.json: HTTPSConnectionPool(host='models.datalab.to', port=443): Max retries exceeded with url: /text_recognition/2025_05_16/manifest.json (Caused by SSLError(SSLEOFError(8, '[SSL: UNEXPECTED_EOF_WHILE_READING] EOF occurred in violation of protocol (_ssl.c:1017)')))
2025-07-04 21:05:37,135 - ERROR - Error downloading model from text_recognition/2025_05_16. Attempt 1 of 3. Error: HTTPSConnectionPool(host='models.datalab.to', port=443): Max retries exceeded with url: /text_recognition/2025_05_16/manifest.json (Caused by SSLError(SSLEOFError(8, '[SSL: UNEXPECTED_EOF_WHILE_READING] EOF occurred in violation of protocol (_ssl.c:1017)')))
2025-07-04 21:05:37,136 - INFO - Retrying in 5 seconds...
2025-07-04 21:05:43,299 - ERROR - Download error for file https://models.datalab.to/text_recognition/2025_05_16/manifest.json: HTTPSConnectionPool(host='models.datalab.to', port=443): Max retries exceeded with url: /text_recognition/2025_05_16/manifest.json (Caused by SSLError(SSLEOFError(8, '[SSL: UNEXPECTED_EOF_WHILE_READING] EOF occurred in violation of protocol (_ssl.c:1017)')))
2025-07-04 21:05:43,300 - ERROR - Error downloading model from text_recognition/2025_05_16. Attempt 2 of 3. Error: HTTPSConnectionPool(host='models.datalab.to', port=443): Max retries exceeded with url: /text_recognition/2025_05_16/manifest.json (Caused by SSLError(SSLEOFError(8, '[SSL: UNEXPECTED_EOF_WHILE_READING] EOF occurred in violation of protocol (_ssl.c:1017)')))
2025-07-04 21:05:43,301 - INFO - Retrying in 5 seconds...
2025-07-04 21:05:49,462 - ERROR - Download error for file https://models.datalab.to/text_recognition/2025_05_16/manifest.json: HTTPSConnectionPool(host='models.datalab.to', port=443): Max retries exceeded with url: /text_recognition/2025_05_16/manifest.json (Caused by SSLError(SSLEOFError(8, '[SSL: UNEXPECTED_EOF_WHILE_READING] EOF occurred in violation of protocol (_ssl.c:1017)')))
2025-07-04 21:05:49,463 - ERROR - Error downloading model from text_recognition/2025_05_16. Attempt 3 of 3. Error: HTTPSConnectionPool(host='models.datalab.to', port=443): Max retries exceeded with url: /text_recognition/2025_05_16/manifest.json (Caused by SSLError(SSLEOFError(8, '[SSL: UNEXPECTED_EOF_WHILE_READING] EOF occurred in violation of protocol (_ssl.c:1017)')))
2025-07-04 21:05:49,464 - ERROR - Failed to download text_recognition/2025_05_16 after 3 attempts.
2025-07-04 21:05:58,184 - ERROR - Download error for file https://models.datalab.to/text_recognition/2025_05_16/manifest.json: HTTPSConnectionPool(host='models.datalab.to', port=443): Max retries exceeded with url: /text_recognition/2025_05_16/manifest.json (Caused by SSLError(SSLEOFError(8, '[SSL: UNEXPECTED_EOF_WHILE_READING] EOF occurred in violation of protocol (_ssl.c:1017)')))
2025-07-04 21:05:58,186 - ERROR - Error downloading model from text_recognition/2025_05_16. Attempt 1 of 3. Error: HTTPSConnectionPool(host='models.datalab.to', port=443): Max retries exceeded with url: /text_recognition/2025_05_16/manifest.json (Caused by SSLError(SSLEOFError(8, '[SSL: UNEXPECTED_EOF_WHILE_READING] EOF occurred in violation of protocol (_ssl.c:1017)')))
2025-07-04 21:05:58,186 - INFO - Retrying in 5 seconds...
2025-07-04 21:06:04,321 - ERROR - Download error for file https://models.datalab.to/text_recognition/2025_05_16/manifest.json: HTTPSConnectionPool(host='models.datalab.to', port=443): Max retries exceeded with url: /text_recognition/2025_05_16/manifest.json (Caused by SSLError(SSLEOFError(8, '[SSL: UNEXPECTED_EOF_WHILE_READING] EOF occurred in violation of protocol (_ssl.c:1017)')))
2025-07-04 21:06:04,323 - ERROR - Error downloading model from text_recognition/2025_05_16. Attempt 2 of 3. Error: HTTPSConnectionPool(host='models.datalab.to', port=443): Max retries exceeded with url: /text_recognition/2025_05_16/manifest.json (Caused by SSLError(SSLEOFError(8, '[SSL: UNEXPECTED_EOF_WHILE_READING] EOF occurred in violation of protocol (_ssl.c:1017)')))
2025-07-04 21:06:04,323 - INFO - Retrying in 5 seconds...
2025-07-04 21:06:10,463 - ERROR - Download error for file https://models.datalab.to/text_recognition/2025_05_16/manifest.json: HTTPSConnectionPool(host='models.datalab.to', port=443): Max retries exceeded with url: /text_recognition/2025_05_16/manifest.json (Caused by SSLError(SSLEOFError(8, '[SSL: UNEXPECTED_EOF_WHILE_READING] EOF occurred in violation of protocol (_ssl.c:1017)')))
2025-07-04 21:06:10,465 - ERROR - Error downloading model from text_recognition/2025_05_16. Attempt 3 of 3. Error: HTTPSConnectionPool(host='models.datalab.to', port=443): Max retries exceeded with url: /text_recognition/2025_05_16/manifest.json (Caused by SSLError(SSLEOFError(8, '[SSL: UNEXPECTED_EOF_WHILE_READING] EOF occurred in violation of protocol (_ssl.c:1017)')))
2025-07-04 21:06:10,466 - ERROR - Failed to download text_recognition/2025_05_16 after 3 attempts.
2025-07-04 21:06:12,204 - ERROR - Download error for file https://models.datalab.to/text_recognition/2025_05_16/manifest.json: HTTPSConnectionPool(host='models.datalab.to', port=443): Max retries exceeded with url: /text_recognition/2025_05_16/manifest.json (Caused by SSLError(SSLEOFError(8, '[SSL: UNEXPECTED_EOF_WHILE_READING] EOF occurred in violation of protocol (_ssl.c:1017)')))
2025-07-04 21:06:12,205 - ERROR - Error downloading model from text_recognition/2025_05_16. Attempt 1 of 3. Error: HTTPSConnectionPool(host='models.datalab.to', port=443): Max retries exceeded with url: /text_recognition/2025_05_16/manifest.json (Caused by SSLError(SSLEOFError(8, '[SSL: UNEXPECTED_EOF_WHILE_READING] EOF occurred in violation of protocol (_ssl.c:1017)')))
2025-07-04 21:06:12,206 - INFO - Retrying in 5 seconds...
2025-07-04 21:06:18,357 - ERROR - Download error for file https://models.datalab.to/text_recognition/2025_05_16/manifest.json: HTTPSConnectionPool(host='models.datalab.to', port=443): Max retries exceeded with url: /text_recognition/2025_05_16/manifest.json (Caused by SSLError(SSLEOFError(8, '[SSL: UNEXPECTED_EOF_WHILE_READING] EOF occurred in violation of protocol (_ssl.c:1017)')))
2025-07-04 21:06:18,358 - ERROR - Error downloading model from text_recognition/2025_05_16. Attempt 2 of 3. Error: HTTPSConnectionPool(host='models.datalab.to', port=443): Max retries exceeded with url: /text_recognition/2025_05_16/manifest.json (Caused by SSLError(SSLEOFError(8, '[SSL: UNEXPECTED_EOF_WHILE_READING] EOF occurred in violation of protocol (_ssl.c:1017)')))
2025-07-04 21:06:18,358 - INFO - Retrying in 5 seconds...
2025-07-04 21:06:24,535 - ERROR - Download error for file https://models.datalab.to/text_recognition/2025_05_16/manifest.json: HTTPSConnectionPool(host='models.datalab.to', port=443): Max retries exceeded with url: /text_recognition/2025_05_16/manifest.json (Caused by SSLError(SSLEOFError(8, '[SSL: UNEXPECTED_EOF_WHILE_READING] EOF occurred in violation of protocol (_ssl.c:1017)')))
2025-07-04 21:06:24,537 - ERROR - Error downloading model from text_recognition/2025_05_16. Attempt 3 of 3. Error: HTTPSConnectionPool(host='models.datalab.to', port=443): Max retries exceeded with url: /text_recognition/2025_05_16/manifest.json (Caused by SSLError(SSLEOFError(8, '[SSL: UNEXPECTED_EOF_WHILE_READING] EOF occurred in violation of protocol (_ssl.c:1017)')))
2025-07-04 21:06:24,538 - ERROR - Failed to download text_recognition/2025_05_16 after 3 attempts.
2025-07-04 21:06:26,195 - ERROR - Download error for file https://models.datalab.to/text_recognition/2025_05_16/manifest.json: HTTPSConnectionPool(host='models.datalab.to', port=443): Max retries exceeded with url: /text_recognition/2025_05_16/manifest.json (Caused by SSLError(SSLEOFError(8, '[SSL: UNEXPECTED_EOF_WHILE_READING] EOF occurred in violation of protocol (_ssl.c:1017)')))
2025-07-04 21:06:26,197 - ERROR - Error downloading model from text_recognition/2025_05_16. Attempt 1 of 3. Error: HTTPSConnectionPool(host='models.datalab.to', port=443): Max retries exceeded with url: /text_recognition/2025_05_16/manifest.json (Caused by SSLError(SSLEOFError(8, '[SSL: UNEXPECTED_EOF_WHILE_READING] EOF occurred in violation of protocol (_ssl.c:1017)')))
2025-07-04 21:06:26,198 - INFO - Retrying in 5 seconds...
2025-07-04 21:06:39,448 - ERROR - Download error for file https://models.datalab.to/text_recognition/2025_05_16/manifest.json: HTTPSConnectionPool(host='models.datalab.to', port=443): Max retries exceeded with url: /text_recognition/2025_05_16/manifest.json (Caused by SSLError(SSLEOFError(8, '[SSL: UNEXPECTED_EOF_WHILE_READING] EOF occurred in violation of protocol (_ssl.c:1017)')))
2025-07-04 21:06:39,450 - ERROR - Error downloading model from text_recognition/2025_05_16. Attempt 2 of 3. Error: HTTPSConnectionPool(host='models.datalab.to', port=443): Max retries exceeded with url: /text_recognition/2025_05_16/manifest.json (Caused by SSLError(SSLEOFError(8, '[SSL: UNEXPECTED_EOF_WHILE_READING] EOF occurred in violation of protocol (_ssl.c:1017)')))
2025-07-04 21:06:39,452 - INFO - Retrying in 5 seconds...
2025-07-04 21:06:45,582 - ERROR - Download error for file https://models.datalab.to/text_recognition/2025_05_16/manifest.json: HTTPSConnectionPool(host='models.datalab.to', port=443): Max retries exceeded with url: /text_recognition/2025_05_16/manifest.json (Caused by SSLError(SSLEOFError(8, '[SSL: UNEXPECTED_EOF_WHILE_READING] EOF occurred in violation of protocol (_ssl.c:1017)')))
2025-07-04 21:06:45,583 - ERROR - Error downloading model from text_recognition/2025_05_16. Attempt 3 of 3. Error: HTTPSConnectionPool(host='models.datalab.to', port=443): Max retries exceeded with url: /text_recognition/2025_05_16/manifest.json (Caused by SSLError(SSLEOFError(8, '[SSL: UNEXPECTED_EOF_WHILE_READING] EOF occurred in violation of protocol (_ssl.c:1017)')))
2025-07-04 21:06:45,584 - ERROR - Failed to download text_recognition/2025_05_16 after 3 attempts.
2025-07-04 21:06:47,276 - ERROR - Download error for file https://models.datalab.to/text_recognition/2025_05_16/manifest.json: HTTPSConnectionPool(host='models.datalab.to', port=443): Max retries exceeded with url: /text_recognition/2025_05_16/manifest.json (Caused by SSLError(SSLEOFError(8, '[SSL: UNEXPECTED_EOF_WHILE_READING] EOF occurred in violation of protocol (_ssl.c:1017)')))
2025-07-04 21:06:47,278 - ERROR - Error downloading model from text_recognition/2025_05_16. Attempt 1 of 3. Error: HTTPSConnectionPool(host='models.datalab.to', port=443): Max retries exceeded with url: /text_recognition/2025_05_16/manifest.json (Caused by SSLError(SSLEOFError(8, '[SSL: UNEXPECTED_EOF_WHILE_READING] EOF occurred in violation of protocol (_ssl.c:1017)')))
2025-07-04 21:06:47,279 - INFO - Retrying in 5 seconds...
2025-07-04 21:06:53,420 - ERROR - Download error for file https://models.datalab.to/text_recognition/2025_05_16/manifest.json: HTTPSConnectionPool(host='models.datalab.to', port=443): Max retries exceeded with url: /text_recognition/2025_05_16/manifest.json (Caused by SSLError(SSLEOFError(8, '[SSL: UNEXPECTED_EOF_WHILE_READING] EOF occurred in violation of protocol (_ssl.c:1017)')))
2025-07-04 21:06:53,421 - ERROR - Error downloading model from text_recognition/2025_05_16. Attempt 2 of 3. Error: HTTPSConnectionPool(host='models.datalab.to', port=443): Max retries exceeded with url: /text_recognition/2025_05_16/manifest.json (Caused by SSLError(SSLEOFError(8, '[SSL: UNEXPECTED_EOF_WHILE_READING] EOF occurred in violation of protocol (_ssl.c:1017)')))
2025-07-04 21:06:53,422 - INFO - Retrying in 5 seconds...
2025-07-04 21:06:59,565 - ERROR - Download error for file https://models.datalab.to/text_recognition/2025_05_16/manifest.json: HTTPSConnectionPool(host='models.datalab.to', port=443): Max retries exceeded with url: /text_recognition/2025_05_16/manifest.json (Caused by SSLError(SSLEOFError(8, '[SSL: UNEXPECTED_EOF_WHILE_READING] EOF occurred in violation of protocol (_ssl.c:1017)')))
2025-07-04 21:06:59,566 - ERROR - Error downloading model from text_recognition/2025_05_16. Attempt 3 of 3. Error: HTTPSConnectionPool(host='models.datalab.to', port=443): Max retries exceeded with url: /text_recognition/2025_05_16/manifest.json (Caused by SSLError(SSLEOFError(8, '[SSL: UNEXPECTED_EOF_WHILE_READING] EOF occurred in violation of protocol (_ssl.c:1017)')))
2025-07-04 21:06:59,567 - ERROR - Failed to download text_recognition/2025_05_16 after 3 attempts.
2025-07-04 21:07:01,245 - ERROR - Download error for file https://models.datalab.to/text_recognition/2025_05_16/manifest.json: HTTPSConnectionPool(host='models.datalab.to', port=443): Max retries exceeded with url: /text_recognition/2025_05_16/manifest.json (Caused by SSLError(SSLEOFError(8, '[SSL: UNEXPECTED_EOF_WHILE_READING] EOF occurred in violation of protocol (_ssl.c:1017)')))
2025-07-04 21:07:01,246 - ERROR - Error downloading model from text_recognition/2025_05_16. Attempt 1 of 3. Error: HTTPSConnectionPool(host='models.datalab.to', port=443): Max retries exceeded with url: /text_recognition/2025_05_16/manifest.json (Caused by SSLError(SSLEOFError(8, '[SSL: UNEXPECTED_EOF_WHILE_READING] EOF occurred in violation of protocol (_ssl.c:1017)')))
2025-07-04 21:07:01,247 - INFO - Retrying in 5 seconds...
2025-07-04 21:07:07,378 - ERROR - Download error for file https://models.datalab.to/text_recognition/2025_05_16/manifest.json: HTTPSConnectionPool(host='models.datalab.to', port=443): Max retries exceeded with url: /text_recognition/2025_05_16/manifest.json (Caused by SSLError(SSLEOFError(8, '[SSL: UNEXPECTED_EOF_WHILE_READING] EOF occurred in violation of protocol (_ssl.c:1017)')))
2025-07-04 21:07:07,380 - ERROR - Error downloading model from text_recognition/2025_05_16. Attempt 2 of 3. Error: HTTPSConnectionPool(host='models.datalab.to', port=443): Max retries exceeded with url: /text_recognition/2025_05_16/manifest.json (Caused by SSLError(SSLEOFError(8, '[SSL: UNEXPECTED_EOF_WHILE_READING] EOF occurred in violation of protocol (_ssl.c:1017)')))
2025-07-04 21:07:07,381 - INFO - Retrying in 5 seconds...
2025-07-04 21:07:13,540 - ERROR - Download error for file https://models.datalab.to/text_recognition/2025_05_16/manifest.json: HTTPSConnectionPool(host='models.datalab.to', port=443): Max retries exceeded with url: /text_recognition/2025_05_16/manifest.json (Caused by SSLError(SSLEOFError(8, '[SSL: UNEXPECTED_EOF_WHILE_READING] EOF occurred in violation of protocol (_ssl.c:1017)')))
2025-07-04 21:07:13,541 - ERROR - Error downloading model from text_recognition/2025_05_16. Attempt 3 of 3. Error: HTTPSConnectionPool(host='models.datalab.to', port=443): Max retries exceeded with url: /text_recognition/2025_05_16/manifest.json (Caused by SSLError(SSLEOFError(8, '[SSL: UNEXPECTED_EOF_WHILE_READING] EOF occurred in violation of protocol (_ssl.c:1017)')))
2025-07-04 21:07:13,542 - ERROR - Failed to download text_recognition/2025_05_16 after 3 attempts.
2025-07-04 21:07:15,188 - ERROR - Download error for file https://models.datalab.to/text_recognition/2025_05_16/manifest.json: HTTPSConnectionPool(host='models.datalab.to', port=443): Max retries exceeded with url: /text_recognition/2025_05_16/manifest.json (Caused by SSLError(SSLEOFError(8, '[SSL: UNEXPECTED_EOF_WHILE_READING] EOF occurred in violation of protocol (_ssl.c:1017)')))
2025-07-04 21:07:15,189 - ERROR - Error downloading model from text_recognition/2025_05_16. Attempt 1 of 3. Error: HTTPSConnectionPool(host='models.datalab.to', port=443): Max retries exceeded with url: /text_recognition/2025_05_16/manifest.json (Caused by SSLError(SSLEOFError(8, '[SSL: UNEXPECTED_EOF_WHILE_READING] EOF occurred in violation of protocol (_ssl.c:1017)')))
2025-07-04 21:07:15,190 - INFO - Retrying in 5 seconds...
2025-07-04 21:07:21,345 - ERROR - Download error for file https://models.datalab.to/text_recognition/2025_05_16/manifest.json: HTTPSConnectionPool(host='models.datalab.to', port=443): Max retries exceeded with url: /text_recognition/2025_05_16/manifest.json (Caused by SSLError(SSLEOFError(8, '[SSL: UNEXPECTED_EOF_WHILE_READING] EOF occurred in violation of protocol (_ssl.c:1017)')))
2025-07-04 21:07:21,346 - ERROR - Error downloading model from text_recognition/2025_05_16. Attempt 2 of 3. Error: HTTPSConnectionPool(host='models.datalab.to', port=443): Max retries exceeded with url: /text_recognition/2025_05_16/manifest.json (Caused by SSLError(SSLEOFError(8, '[SSL: UNEXPECTED_EOF_WHILE_READING] EOF occurred in violation of protocol (_ssl.c:1017)')))
2025-07-04 21:07:21,346 - INFO - Retrying in 5 seconds...
2025-07-04 21:07:27,483 - ERROR - Download error for file https://models.datalab.to/text_recognition/2025_05_16/manifest.json: HTTPSConnectionPool(host='models.datalab.to', port=443): Max retries exceeded with url: /text_recognition/2025_05_16/manifest.json (Caused by SSLError(SSLEOFError(8, '[SSL: UNEXPECTED_EOF_WHILE_READING] EOF occurred in violation of protocol (_ssl.c:1017)')))
2025-07-04 21:07:27,484 - ERROR - Error downloading model from text_recognition/2025_05_16. Attempt 3 of 3. Error: HTTPSConnectionPool(host='models.datalab.to', port=443): Max retries exceeded with url: /text_recognition/2025_05_16/manifest.json (Caused by SSLError(SSLEOFError(8, '[SSL: UNEXPECTED_EOF_WHILE_READING] EOF occurred in violation of protocol (_ssl.c:1017)')))
2025-07-04 21:07:27,485 - ERROR - Failed to download text_recognition/2025_05_16 after 3 attempts.
2025-07-04 21:07:29,117 - ERROR - Download error for file https://models.datalab.to/text_recognition/2025_05_16/manifest.json: HTTPSConnectionPool(host='models.datalab.to', port=443): Max retries exceeded with url: /text_recognition/2025_05_16/manifest.json (Caused by SSLError(SSLEOFError(8, '[SSL: UNEXPECTED_EOF_WHILE_READING] EOF occurred in violation of protocol (_ssl.c:1017)')))
2025-07-04 21:07:29,118 - ERROR - Error downloading model from text_recognition/2025_05_16. Attempt 1 of 3. Error: HTTPSConnectionPool(host='models.datalab.to', port=443): Max retries exceeded with url: /text_recognition/2025_05_16/manifest.json (Caused by SSLError(SSLEOFError(8, '[SSL: UNEXPECTED_EOF_WHILE_READING] EOF occurred in violation of protocol (_ssl.c:1017)')))
2025-07-04 21:07:29,119 - INFO - Retrying in 5 seconds...
2025-07-04 21:07:35,278 - ERROR - Download error for file https://models.datalab.to/text_recognition/2025_05_16/manifest.json: HTTPSConnectionPool(host='models.datalab.to', port=443): Max retries exceeded with url: /text_recognition/2025_05_16/manifest.json (Caused by SSLError(SSLEOFError(8, '[SSL: UNEXPECTED_EOF_WHILE_READING] EOF occurred in violation of protocol (_ssl.c:1017)')))
2025-07-04 21:07:35,280 - ERROR - Error downloading model from text_recognition/2025_05_16. Attempt 2 of 3. Error: HTTPSConnectionPool(host='models.datalab.to', port=443): Max retries exceeded with url: /text_recognition/2025_05_16/manifest.json (Caused by SSLError(SSLEOFError(8, '[SSL: UNEXPECTED_EOF_WHILE_READING] EOF occurred in violation of protocol (_ssl.c:1017)')))
2025-07-04 21:07:35,280 - INFO - Retrying in 5 seconds...
2025-07-04 21:07:41,422 - ERROR - Download error for file https://models.datalab.to/text_recognition/2025_05_16/manifest.json: HTTPSConnectionPool(host='models.datalab.to', port=443): Max retries exceeded with url: /text_recognition/2025_05_16/manifest.json (Caused by SSLError(SSLEOFError(8, '[SSL: UNEXPECTED_EOF_WHILE_READING] EOF occurred in violation of protocol (_ssl.c:1017)')))
2025-07-04 21:07:41,423 - ERROR - Error downloading model from text_recognition/2025_05_16. Attempt 3 of 3. Error: HTTPSConnectionPool(host='models.datalab.to', port=443): Max retries exceeded with url: /text_recognition/2025_05_16/manifest.json (Caused by SSLError(SSLEOFError(8, '[SSL: UNEXPECTED_EOF_WHILE_READING] EOF occurred in violation of protocol (_ssl.c:1017)')))
2025-07-04 21:07:41,424 - ERROR - Failed to download text_recognition/2025_05_16 after 3 attempts.
2025-07-04 21:07:43,128 - ERROR - Download error for file https://models.datalab.to/text_recognition/2025_05_16/manifest.json: HTTPSConnectionPool(host='models.datalab.to', port=443): Max retries exceeded with url: /text_recognition/2025_05_16/manifest.json (Caused by SSLError(SSLEOFError(8, '[SSL: UNEXPECTED_EOF_WHILE_READING] EOF occurred in violation of protocol (_ssl.c:1017)')))
2025-07-04 21:07:43,130 - ERROR - Error downloading model from text_recognition/2025_05_16. Attempt 1 of 3. Error: HTTPSConnectionPool(host='models.datalab.to', port=443): Max retries exceeded with url: /text_recognition/2025_05_16/manifest.json (Caused by SSLError(SSLEOFError(8, '[SSL: UNEXPECTED_EOF_WHILE_READING] EOF occurred in violation of protocol (_ssl.c:1017)')))
2025-07-04 21:07:43,131 - INFO - Retrying in 5 seconds...
2025-07-04 21:07:49,264 - ERROR - Download error for file https://models.datalab.to/text_recognition/2025_05_16/manifest.json: HTTPSConnectionPool(host='models.datalab.to', port=443): Max retries exceeded with url: /text_recognition/2025_05_16/manifest.json (Caused by SSLError(SSLEOFError(8, '[SSL: UNEXPECTED_EOF_WHILE_READING] EOF occurred in violation of protocol (_ssl.c:1017)')))
2025-07-04 21:07:49,265 - ERROR - Error downloading model from text_recognition/2025_05_16. Attempt 2 of 3. Error: HTTPSConnectionPool(host='models.datalab.to', port=443): Max retries exceeded with url: /text_recognition/2025_05_16/manifest.json (Caused by SSLError(SSLEOFError(8, '[SSL: UNEXPECTED_EOF_WHILE_READING] EOF occurred in violation of protocol (_ssl.c:1017)')))
2025-07-04 21:07:49,266 - INFO - Retrying in 5 seconds...
2025-07-04 21:07:55,421 - ERROR - Download error for file https://models.datalab.to/text_recognition/2025_05_16/manifest.json: HTTPSConnectionPool(host='models.datalab.to', port=443): Max retries exceeded with url: /text_recognition/2025_05_16/manifest.json (Caused by SSLError(SSLEOFError(8, '[SSL: UNEXPECTED_EOF_WHILE_READING] EOF occurred in violation of protocol (_ssl.c:1017)')))
2025-07-04 21:07:55,422 - ERROR - Error downloading model from text_recognition/2025_05_16. Attempt 3 of 3. Error: HTTPSConnectionPool(host='models.datalab.to', port=443): Max retries exceeded with url: /text_recognition/2025_05_16/manifest.json (Caused by SSLError(SSLEOFError(8, '[SSL: UNEXPECTED_EOF_WHILE_READING] EOF occurred in violation of protocol (_ssl.c:1017)')))
2025-07-04 21:07:55,423 - ERROR - Failed to download text_recognition/2025_05_16 after 3 attempts.
2025-07-04 21:07:57,101 - ERROR - Download error for file https://models.datalab.to/text_recognition/2025_05_16/manifest.json: HTTPSConnectionPool(host='models.datalab.to', port=443): Max retries exceeded with url: /text_recognition/2025_05_16/manifest.json (Caused by SSLError(SSLEOFError(8, '[SSL: UNEXPECTED_EOF_WHILE_READING] EOF occurred in violation of protocol (_ssl.c:1017)')))
2025-07-04 21:07:57,102 - ERROR - Error downloading model from text_recognition/2025_05_16. Attempt 1 of 3. Error: HTTPSConnectionPool(host='models.datalab.to', port=443): Max retries exceeded with url: /text_recognition/2025_05_16/manifest.json (Caused by SSLError(SSLEOFError(8, '[SSL: UNEXPECTED_EOF_WHILE_READING] EOF occurred in violation of protocol (_ssl.c:1017)')))
2025-07-04 21:07:57,103 - INFO - Retrying in 5 seconds...
2025-07-04 21:08:03,244 - ERROR - Download error for file https://models.datalab.to/text_recognition/2025_05_16/manifest.json: HTTPSConnectionPool(host='models.datalab.to', port=443): Max retries exceeded with url: /text_recognition/2025_05_16/manifest.json (Caused by SSLError(SSLEOFError(8, '[SSL: UNEXPECTED_EOF_WHILE_READING] EOF occurred in violation of protocol (_ssl.c:1017)')))
2025-07-04 21:08:03,246 - ERROR - Error downloading model from text_recognition/2025_05_16. Attempt 2 of 3. Error: HTTPSConnectionPool(host='models.datalab.to', port=443): Max retries exceeded with url: /text_recognition/2025_05_16/manifest.json (Caused by SSLError(SSLEOFError(8, '[SSL: UNEXPECTED_EOF_WHILE_READING] EOF occurred in violation of protocol (_ssl.c:1017)')))
2025-07-04 21:08:03,246 - INFO - Retrying in 5 seconds...
2025-07-04 21:08:09,387 - ERROR - Download error for file https://models.datalab.to/text_recognition/2025_05_16/manifest.json: HTTPSConnectionPool(host='models.datalab.to', port=443): Max retries exceeded with url: /text_recognition/2025_05_16/manifest.json (Caused by SSLError(SSLEOFError(8, '[SSL: UNEXPECTED_EOF_WHILE_READING] EOF occurred in violation of protocol (_ssl.c:1017)')))
2025-07-04 21:08:09,390 - ERROR - Error downloading model from text_recognition/2025_05_16. Attempt 3 of 3. Error: HTTPSConnectionPool(host='models.datalab.to', port=443): Max retries exceeded with url: /text_recognition/2025_05_16/manifest.json (Caused by SSLError(SSLEOFError(8, '[SSL: UNEXPECTED_EOF_WHILE_READING] EOF occurred in violation of protocol (_ssl.c:1017)')))
2025-07-04 21:08:09,390 - ERROR - Failed to download text_recognition/2025_05_16 after 3 attempts.
2025-07-04 21:08:11,097 - ERROR - Download error for file https://models.datalab.to/text_recognition/2025_05_16/manifest.json: HTTPSConnectionPool(host='models.datalab.to', port=443): Max retries exceeded with url: /text_recognition/2025_05_16/manifest.json (Caused by SSLError(SSLEOFError(8, '[SSL: UNEXPECTED_EOF_WHILE_READING] EOF occurred in violation of protocol (_ssl.c:1017)')))
2025-07-04 21:08:11,098 - ERROR - Error downloading model from text_recognition/2025_05_16. Attempt 1 of 3. Error: HTTPSConnectionPool(host='models.datalab.to', port=443): Max retries exceeded with url: /text_recognition/2025_05_16/manifest.json (Caused by SSLError(SSLEOFError(8, '[SSL: UNEXPECTED_EOF_WHILE_READING] EOF occurred in violation of protocol (_ssl.c:1017)')))
2025-07-04 21:08:11,099 - INFO - Retrying in 5 seconds...
2025-07-04 21:08:17,234 - ERROR - Download error for file https://models.datalab.to/text_recognition/2025_05_16/manifest.json: HTTPSConnectionPool(host='models.datalab.to', port=443): Max retries exceeded with url: /text_recognition/2025_05_16/manifest.json (Caused by SSLError(SSLEOFError(8, '[SSL: UNEXPECTED_EOF_WHILE_READING] EOF occurred in violation of protocol (_ssl.c:1017)')))
2025-07-04 21:08:17,235 - ERROR - Error downloading model from text_recognition/2025_05_16. Attempt 2 of 3. Error: HTTPSConnectionPool(host='models.datalab.to', port=443): Max retries exceeded with url: /text_recognition/2025_05_16/manifest.json (Caused by SSLError(SSLEOFError(8, '[SSL: UNEXPECTED_EOF_WHILE_READING] EOF occurred in violation of protocol (_ssl.c:1017)')))
2025-07-04 21:08:17,236 - INFO - Retrying in 5 seconds...
2025-07-04 21:08:23,379 - ERROR - Download error for file https://models.datalab.to/text_recognition/2025_05_16/manifest.json: HTTPSConnectionPool(host='models.datalab.to', port=443): Max retries exceeded with url: /text_recognition/2025_05_16/manifest.json (Caused by SSLError(SSLEOFError(8, '[SSL: UNEXPECTED_EOF_WHILE_READING] EOF occurred in violation of protocol (_ssl.c:1017)')))
2025-07-04 21:08:23,381 - ERROR - Error downloading model from text_recognition/2025_05_16. Attempt 3 of 3. Error: HTTPSConnectionPool(host='models.datalab.to', port=443): Max retries exceeded with url: /text_recognition/2025_05_16/manifest.json (Caused by SSLError(SSLEOFError(8, '[SSL: UNEXPECTED_EOF_WHILE_READING] EOF occurred in violation of protocol (_ssl.c:1017)')))
2025-07-04 21:08:23,381 - ERROR - Failed to download text_recognition/2025_05_16 after 3 attempts.
2025-07-04 21:08:25,137 - ERROR - Download error for file https://models.datalab.to/text_recognition/2025_05_16/manifest.json: HTTPSConnectionPool(host='models.datalab.to', port=443): Max retries exceeded with url: /text_recognition/2025_05_16/manifest.json (Caused by SSLError(SSLEOFError(8, '[SSL: UNEXPECTED_EOF_WHILE_READING] EOF occurred in violation of protocol (_ssl.c:1017)')))
2025-07-04 21:08:25,138 - ERROR - Error downloading model from text_recognition/2025_05_16. Attempt 1 of 3. Error: HTTPSConnectionPool(host='models.datalab.to', port=443): Max retries exceeded with url: /text_recognition/2025_05_16/manifest.json (Caused by SSLError(SSLEOFError(8, '[SSL: UNEXPECTED_EOF_WHILE_READING] EOF occurred in violation of protocol (_ssl.c:1017)')))
2025-07-04 21:08:25,139 - INFO - Retrying in 5 seconds...
2025-07-04 21:08:31,261 - ERROR - Download error for file https://models.datalab.to/text_recognition/2025_05_16/manifest.json: HTTPSConnectionPool(host='models.datalab.to', port=443): Max retries exceeded with url: /text_recognition/2025_05_16/manifest.json (Caused by SSLError(SSLEOFError(8, '[SSL: UNEXPECTED_EOF_WHILE_READING] EOF occurred in violation of protocol (_ssl.c:1017)')))
2025-07-04 21:08:31,262 - ERROR - Error downloading model from text_recognition/2025_05_16. Attempt 2 of 3. Error: HTTPSConnectionPool(host='models.datalab.to', port=443): Max retries exceeded with url: /text_recognition/2025_05_16/manifest.json (Caused by SSLError(SSLEOFError(8, '[SSL: UNEXPECTED_EOF_WHILE_READING] EOF occurred in violation of protocol (_ssl.c:1017)')))
2025-07-04 21:08:31,264 - INFO - Retrying in 5 seconds...
2025-07-04 21:08:37,407 - ERROR - Download error for file https://models.datalab.to/text_recognition/2025_05_16/manifest.json: HTTPSConnectionPool(host='models.datalab.to', port=443): Max retries exceeded with url: /text_recognition/2025_05_16/manifest.json (Caused by SSLError(SSLEOFError(8, '[SSL: UNEXPECTED_EOF_WHILE_READING] EOF occurred in violation of protocol (_ssl.c:1017)')))
2025-07-04 21:08:37,408 - ERROR - Error downloading model from text_recognition/2025_05_16. Attempt 3 of 3. Error: HTTPSConnectionPool(host='models.datalab.to', port=443): Max retries exceeded with url: /text_recognition/2025_05_16/manifest.json (Caused by SSLError(SSLEOFError(8, '[SSL: UNEXPECTED_EOF_WHILE_READING] EOF occurred in violation of protocol (_ssl.c:1017)')))
2025-07-04 21:08:37,408 - ERROR - Failed to download text_recognition/2025_05_16 after 3 attempts.
2025-07-04 21:08:39,100 - ERROR - Download error for file https://models.datalab.to/text_recognition/2025_05_16/manifest.json: HTTPSConnectionPool(host='models.datalab.to', port=443): Max retries exceeded with url: /text_recognition/2025_05_16/manifest.json (Caused by SSLError(SSLEOFError(8, '[SSL: UNEXPECTED_EOF_WHILE_READING] EOF occurred in violation of protocol (_ssl.c:1017)')))
2025-07-04 21:08:39,101 - ERROR - Error downloading model from text_recognition/2025_05_16. Attempt 1 of 3. Error: HTTPSConnectionPool(host='models.datalab.to', port=443): Max retries exceeded with url: /text_recognition/2025_05_16/manifest.json (Caused by SSLError(SSLEOFError(8, '[SSL: UNEXPECTED_EOF_WHILE_READING] EOF occurred in violation of protocol (_ssl.c:1017)')))
2025-07-04 21:08:39,102 - INFO - Retrying in 5 seconds...
2025-07-04 21:08:45,236 - ERROR - Download error for file https://models.datalab.to/text_recognition/2025_05_16/manifest.json: HTTPSConnectionPool(host='models.datalab.to', port=443): Max retries exceeded with url: /text_recognition/2025_05_16/manifest.json (Caused by SSLError(SSLEOFError(8, '[SSL: UNEXPECTED_EOF_WHILE_READING] EOF occurred in violation of protocol (_ssl.c:1017)')))
2025-07-04 21:08:45,237 - ERROR - Error downloading model from text_recognition/2025_05_16. Attempt 2 of 3. Error: HTTPSConnectionPool(host='models.datalab.to', port=443): Max retries exceeded with url: /text_recognition/2025_05_16/manifest.json (Caused by SSLError(SSLEOFError(8, '[SSL: UNEXPECTED_EOF_WHILE_READING] EOF occurred in violation of protocol (_ssl.c:1017)')))
2025-07-04 21:08:45,238 - INFO - Retrying in 5 seconds...
2025-07-04 21:08:51,383 - ERROR - Download error for file https://models.datalab.to/text_recognition/2025_05_16/manifest.json: HTTPSConnectionPool(host='models.datalab.to', port=443): Max retries exceeded with url: /text_recognition/2025_05_16/manifest.json (Caused by SSLError(SSLEOFError(8, '[SSL: UNEXPECTED_EOF_WHILE_READING] EOF occurred in violation of protocol (_ssl.c:1017)')))
2025-07-04 21:08:51,384 - ERROR - Error downloading model from text_recognition/2025_05_16. Attempt 3 of 3. Error: HTTPSConnectionPool(host='models.datalab.to', port=443): Max retries exceeded with url: /text_recognition/2025_05_16/manifest.json (Caused by SSLError(SSLEOFError(8, '[SSL: UNEXPECTED_EOF_WHILE_READING] EOF occurred in violation of protocol (_ssl.c:1017)')))
2025-07-04 21:08:51,384 - ERROR - Failed to download text_recognition/2025_05_16 after 3 attempts.
2025-07-04 21:08:53,247 - ERROR - Download error for file https://models.datalab.to/text_recognition/2025_05_16/manifest.json: HTTPSConnectionPool(host='models.datalab.to', port=443): Max retries exceeded with url: /text_recognition/2025_05_16/manifest.json (Caused by SSLError(SSLEOFError(8, '[SSL: UNEXPECTED_EOF_WHILE_READING] EOF occurred in violation of protocol (_ssl.c:1017)')))
2025-07-04 21:08:53,249 - ERROR - Error downloading model from text_recognition/2025_05_16. Attempt 1 of 3. Error: HTTPSConnectionPool(host='models.datalab.to', port=443): Max retries exceeded with url: /text_recognition/2025_05_16/manifest.json (Caused by SSLError(SSLEOFError(8, '[SSL: UNEXPECTED_EOF_WHILE_READING] EOF occurred in violation of protocol (_ssl.c:1017)')))
2025-07-04 21:08:53,251 - INFO - Retrying in 5 seconds...
2025-07-04 21:08:59,378 - ERROR - Download error for file https://models.datalab.to/text_recognition/2025_05_16/manifest.json: HTTPSConnectionPool(host='models.datalab.to', port=443): Max retries exceeded with url: /text_recognition/2025_05_16/manifest.json (Caused by SSLError(SSLEOFError(8, '[SSL: UNEXPECTED_EOF_WHILE_READING] EOF occurred in violation of protocol (_ssl.c:1017)')))
2025-07-04 21:08:59,381 - ERROR - Error downloading model from text_recognition/2025_05_16. Attempt 2 of 3. Error: HTTPSConnectionPool(host='models.datalab.to', port=443): Max retries exceeded with url: /text_recognition/2025_05_16/manifest.json (Caused by SSLError(SSLEOFError(8, '[SSL: UNEXPECTED_EOF_WHILE_READING] EOF occurred in violation of protocol (_ssl.c:1017)')))
2025-07-04 21:08:59,382 - INFO - Retrying in 5 seconds...
2025-07-04 21:09:05,556 - ERROR - Download error for file https://models.datalab.to/text_recognition/2025_05_16/manifest.json: HTTPSConnectionPool(host='models.datalab.to', port=443): Max retries exceeded with url: /text_recognition/2025_05_16/manifest.json (Caused by SSLError(SSLEOFError(8, '[SSL: UNEXPECTED_EOF_WHILE_READING] EOF occurred in violation of protocol (_ssl.c:1017)')))
2025-07-04 21:09:05,558 - ERROR - Error downloading model from text_recognition/2025_05_16. Attempt 3 of 3. Error: HTTPSConnectionPool(host='models.datalab.to', port=443): Max retries exceeded with url: /text_recognition/2025_05_16/manifest.json (Caused by SSLError(SSLEOFError(8, '[SSL: UNEXPECTED_EOF_WHILE_READING] EOF occurred in violation of protocol (_ssl.c:1017)')))
2025-07-04 21:09:05,558 - ERROR - Failed to download text_recognition/2025_05_16 after 3 attempts.
2025-07-04 21:09:07,362 - ERROR - Download error for file https://models.datalab.to/text_recognition/2025_05_16/manifest.json: HTTPSConnectionPool(host='models.datalab.to', port=443): Max retries exceeded with url: /text_recognition/2025_05_16/manifest.json (Caused by SSLError(SSLEOFError(8, '[SSL: UNEXPECTED_EOF_WHILE_READING] EOF occurred in violation of protocol (_ssl.c:1017)')))
2025-07-04 21:09:07,364 - ERROR - Error downloading model from text_recognition/2025_05_16. Attempt 1 of 3. Error: HTTPSConnectionPool(host='models.datalab.to', port=443): Max retries exceeded with url: /text_recognition/2025_05_16/manifest.json (Caused by SSLError(SSLEOFError(8, '[SSL: UNEXPECTED_EOF_WHILE_READING] EOF occurred in violation of protocol (_ssl.c:1017)')))
2025-07-04 21:09:07,365 - INFO - Retrying in 5 seconds...
2025-07-04 21:09:13,524 - ERROR - Download error for file https://models.datalab.to/text_recognition/2025_05_16/manifest.json: HTTPSConnectionPool(host='models.datalab.to', port=443): Max retries exceeded with url: /text_recognition/2025_05_16/manifest.json (Caused by SSLError(SSLEOFError(8, '[SSL: UNEXPECTED_EOF_WHILE_READING] EOF occurred in violation of protocol (_ssl.c:1017)')))
2025-07-04 21:09:13,525 - ERROR - Error downloading model from text_recognition/2025_05_16. Attempt 2 of 3. Error: HTTPSConnectionPool(host='models.datalab.to', port=443): Max retries exceeded with url: /text_recognition/2025_05_16/manifest.json (Caused by SSLError(SSLEOFError(8, '[SSL: UNEXPECTED_EOF_WHILE_READING] EOF occurred in violation of protocol (_ssl.c:1017)')))
2025-07-04 21:09:13,526 - INFO - Retrying in 5 seconds...
2025-07-04 21:09:19,664 - ERROR - Download error for file https://models.datalab.to/text_recognition/2025_05_16/manifest.json: HTTPSConnectionPool(host='models.datalab.to', port=443): Max retries exceeded with url: /text_recognition/2025_05_16/manifest.json (Caused by SSLError(SSLEOFError(8, '[SSL: UNEXPECTED_EOF_WHILE_READING] EOF occurred in violation of protocol (_ssl.c:1017)')))
2025-07-04 21:09:19,665 - ERROR - Error downloading model from text_recognition/2025_05_16. Attempt 3 of 3. Error: HTTPSConnectionPool(host='models.datalab.to', port=443): Max retries exceeded with url: /text_recognition/2025_05_16/manifest.json (Caused by SSLError(SSLEOFError(8, '[SSL: UNEXPECTED_EOF_WHILE_READING] EOF occurred in violation of protocol (_ssl.c:1017)')))
2025-07-04 21:09:19,666 - ERROR - Failed to download text_recognition/2025_05_16 after 3 attempts.
2025-07-04 21:09:21,340 - ERROR - Download error for file https://models.datalab.to/text_recognition/2025_05_16/manifest.json: HTTPSConnectionPool(host='models.datalab.to', port=443): Max retries exceeded with url: /text_recognition/2025_05_16/manifest.json (Caused by SSLError(SSLEOFError(8, '[SSL: UNEXPECTED_EOF_WHILE_READING] EOF occurred in violation of protocol (_ssl.c:1017)')))
2025-07-04 21:09:21,341 - ERROR - Error downloading model from text_recognition/2025_05_16. Attempt 1 of 3. Error: HTTPSConnectionPool(host='models.datalab.to', port=443): Max retries exceeded with url: /text_recognition/2025_05_16/manifest.json (Caused by SSLError(SSLEOFError(8, '[SSL: UNEXPECTED_EOF_WHILE_READING] EOF occurred in violation of protocol (_ssl.c:1017)')))
2025-07-04 21:09:21,342 - INFO - Retrying in 5 seconds...
2025-07-04 21:09:27,488 - ERROR - Download error for file https://models.datalab.to/text_recognition/2025_05_16/manifest.json: HTTPSConnectionPool(host='models.datalab.to', port=443): Max retries exceeded with url: /text_recognition/2025_05_16/manifest.json (Caused by SSLError(SSLEOFError(8, '[SSL: UNEXPECTED_EOF_WHILE_READING] EOF occurred in violation of protocol (_ssl.c:1017)')))
2025-07-04 21:09:27,489 - ERROR - Error downloading model from text_recognition/2025_05_16. Attempt 2 of 3. Error: HTTPSConnectionPool(host='models.datalab.to', port=443): Max retries exceeded with url: /text_recognition/2025_05_16/manifest.json (Caused by SSLError(SSLEOFError(8, '[SSL: UNEXPECTED_EOF_WHILE_READING] EOF occurred in violation of protocol (_ssl.c:1017)')))
2025-07-04 21:09:27,489 - INFO - Retrying in 5 seconds...
2025-07-04 21:09:33,645 - ERROR - Download error for file https://models.datalab.to/text_recognition/2025_05_16/manifest.json: HTTPSConnectionPool(host='models.datalab.to', port=443): Max retries exceeded with url: /text_recognition/2025_05_16/manifest.json (Caused by SSLError(SSLEOFError(8, '[SSL: UNEXPECTED_EOF_WHILE_READING] EOF occurred in violation of protocol (_ssl.c:1017)')))
2025-07-04 21:09:33,647 - ERROR - Error downloading model from text_recognition/2025_05_16. Attempt 3 of 3. Error: HTTPSConnectionPool(host='models.datalab.to', port=443): Max retries exceeded with url: /text_recognition/2025_05_16/manifest.json (Caused by SSLError(SSLEOFError(8, '[SSL: UNEXPECTED_EOF_WHILE_READING] EOF occurred in violation of protocol (_ssl.c:1017)')))
2025-07-04 21:09:33,648 - ERROR - Failed to download text_recognition/2025_05_16 after 3 attempts.
2025-07-04 21:09:34,542 - ERROR - Download error for file https://models.datalab.to/text_recognition/2025_05_16/manifest.json: ('Connection aborted.', ConnectionResetError(10054, '', None, 10054, None))
2025-07-04 21:09:34,547 - ERROR - Error downloading model from text_recognition/2025_05_16. Attempt 1 of 3. Error: ('Connection aborted.', ConnectionResetError(10054, '', None, 10054, None))
2025-07-04 21:09:34,549 - INFO - Retrying in 5 seconds...
2025-07-04 21:09:40,374 - ERROR - Download error for file https://models.datalab.to/text_recognition/2025_05_16/manifest.json: ('Connection aborted.', ConnectionResetError(10054, '', None, 10054, None))
2025-07-04 21:09:40,376 - ERROR - Error downloading model from text_recognition/2025_05_16. Attempt 2 of 3. Error: ('Connection aborted.', ConnectionResetError(10054, '', None, 10054, None))
2025-07-04 21:09:40,377 - INFO - Retrying in 5 seconds...
2025-07-04 21:09:45,829 - ERROR - Download error for file https://models.datalab.to/text_recognition/2025_05_16/manifest.json: ('Connection aborted.', ConnectionResetError(10054, '', None, 10054, None))
2025-07-04 21:09:45,832 - ERROR - Error downloading model from text_recognition/2025_05_16. Attempt 3 of 3. Error: ('Connection aborted.', ConnectionResetError(10054, '', None, 10054, None))
2025-07-04 21:09:45,833 - ERROR - Failed to download text_recognition/2025_05_16 after 3 attempts.
2025-07-04 21:09:51,288 - ERROR - Download error for file https://models.datalab.to/text_recognition/2025_05_16/manifest.json: ('Connection aborted.', ConnectionResetError(10054, '', None, 10054, None))
2025-07-04 21:09:51,290 - ERROR - Error downloading model from text_recognition/2025_05_16. Attempt 1 of 3. Error: ('Connection aborted.', ConnectionResetError(10054, '', None, 10054, None))
2025-07-04 21:09:51,291 - INFO - Retrying in 5 seconds...
2025-07-04 21:09:58,675 - ERROR - Download error for file https://models.datalab.to/text_recognition/2025_05_16/manifest.json: ('Connection aborted.', ConnectionResetError(10054, '', None, 10054, None))
2025-07-04 21:09:58,677 - ERROR - Error downloading model from text_recognition/2025_05_16. Attempt 2 of 3. Error: ('Connection aborted.', ConnectionResetError(10054, '', None, 10054, None))
2025-07-04 21:09:58,678 - INFO - Retrying in 5 seconds...
2025-07-04 21:10:08,335 - ERROR - Download error for file https://models.datalab.to/text_recognition/2025_05_16/manifest.json: ('Connection aborted.', ConnectionResetError(10054, '', None, 10054, None))
2025-07-04 21:10:08,336 - ERROR - Error downloading model from text_recognition/2025_05_16. Attempt 3 of 3. Error: ('Connection aborted.', ConnectionResetError(10054, '', None, 10054, None))
2025-07-04 21:10:08,337 - ERROR - Failed to download text_recognition/2025_05_16 after 3 attempts.
2025-07-04 21:10:16,073 - ERROR - Download error for file https://models.datalab.to/text_recognition/2025_05_16/manifest.json: ('Connection aborted.', ConnectionResetError(10054, '', None, 10054, None))
2025-07-04 21:10:16,076 - ERROR - Error downloading model from text_recognition/2025_05_16. Attempt 1 of 3. Error: ('Connection aborted.', ConnectionResetError(10054, '', None, 10054, None))
2025-07-04 21:10:16,078 - INFO - Retrying in 5 seconds...
2025-07-04 21:10:22,404 - ERROR - Download error for file https://models.datalab.to/text_recognition/2025_05_16/manifest.json: ('Connection aborted.', ConnectionResetError(10054, '', None, 10054, None))
2025-07-04 21:10:22,406 - ERROR - Error downloading model from text_recognition/2025_05_16. Attempt 2 of 3. Error: ('Connection aborted.', ConnectionResetError(10054, '', None, 10054, None))
2025-07-04 21:10:22,407 - INFO - Retrying in 5 seconds...
2025-07-04 21:10:28,219 - ERROR - Download error for file https://models.datalab.to/text_recognition/2025_05_16/manifest.json: ('Connection aborted.', ConnectionResetError(10054, '', None, 10054, None))
2025-07-04 21:10:28,221 - ERROR - Error downloading model from text_recognition/2025_05_16. Attempt 3 of 3. Error: ('Connection aborted.', ConnectionResetError(10054, '', None, 10054, None))
2025-07-04 21:10:28,221 - ERROR - Failed to download text_recognition/2025_05_16 after 3 attempts.
2025-07-04 21:10:36,992 - ERROR - Download error for file https://models.datalab.to/text_recognition/2025_05_16/manifest.json: ('Connection aborted.', ConnectionResetError(10054, '', None, 10054, None))
2025-07-04 21:10:36,994 - ERROR - Error downloading model from text_recognition/2025_05_16. Attempt 1 of 3. Error: ('Connection aborted.', ConnectionResetError(10054, '', None, 10054, None))
2025-07-04 21:10:36,994 - INFO - Retrying in 5 seconds...
2025-07-04 21:10:49,140 - ERROR - Download error for file https://models.datalab.to/text_recognition/2025_05_16/manifest.json: ('Connection aborted.', ConnectionResetError(10054, '', None, 10054, None))
2025-07-04 21:10:49,141 - ERROR - Error downloading model from text_recognition/2025_05_16. Attempt 2 of 3. Error: ('Connection aborted.', ConnectionResetError(10054, '', None, 10054, None))
2025-07-04 21:10:49,142 - INFO - Retrying in 5 seconds...
2025-07-04 21:11:03,446 - ERROR - Download error for file https://models.datalab.to/text_recognition/2025_05_16/manifest.json: ('Connection aborted.', ConnectionResetError(10054, '', None, 10054, None))
2025-07-04 21:11:03,447 - ERROR - Error downloading model from text_recognition/2025_05_16. Attempt 3 of 3. Error: ('Connection aborted.', ConnectionResetError(10054, '', None, 10054, None))
2025-07-04 21:11:03,448 - ERROR - Failed to download text_recognition/2025_05_16 after 3 attempts.
2025-07-04 21:11:12,280 - ERROR - Download error for file https://models.datalab.to/text_recognition/2025_05_16/manifest.json: ('Connection aborted.', ConnectionResetError(10054, '', None, 10054, None))
2025-07-04 21:11:12,282 - ERROR - Error downloading model from text_recognition/2025_05_16. Attempt 1 of 3. Error: ('Connection aborted.', ConnectionResetError(10054, '', None, 10054, None))
2025-07-04 21:11:12,283 - INFO - Retrying in 5 seconds...
2025-07-04 21:11:18,427 - ERROR - Download error for file https://models.datalab.to/text_recognition/2025_05_16/manifest.json: HTTPSConnectionPool(host='models.datalab.to', port=443): Max retries exceeded with url: /text_recognition/2025_05_16/manifest.json (Caused by SSLError(SSLEOFError(8, '[SSL: UNEXPECTED_EOF_WHILE_READING] EOF occurred in violation of protocol (_ssl.c:1017)')))
2025-07-04 21:11:18,428 - ERROR - Error downloading model from text_recognition/2025_05_16. Attempt 2 of 3. Error: HTTPSConnectionPool(host='models.datalab.to', port=443): Max retries exceeded with url: /text_recognition/2025_05_16/manifest.json (Caused by SSLError(SSLEOFError(8, '[SSL: UNEXPECTED_EOF_WHILE_READING] EOF occurred in violation of protocol (_ssl.c:1017)')))
2025-07-04 21:11:18,429 - INFO - Retrying in 5 seconds...
2025-07-04 21:11:28,598 - ERROR - Download error for file https://models.datalab.to/text_recognition/2025_05_16/manifest.json: ('Connection aborted.', ConnectionResetError(10054, '', None, 10054, None))
2025-07-04 21:11:28,600 - ERROR - Error downloading model from text_recognition/2025_05_16. Attempt 3 of 3. Error: ('Connection aborted.', ConnectionResetError(10054, '', None, 10054, None))
2025-07-04 21:11:28,601 - ERROR - Failed to download text_recognition/2025_05_16 after 3 attempts.
2025-07-04 21:11:44,677 - ERROR - Download error for file https://models.datalab.to/text_recognition/2025_05_16/manifest.json: ('Connection aborted.', ConnectionResetError(10054, '', None, 10054, None))
2025-07-04 21:11:44,678 - ERROR - Error downloading model from text_recognition/2025_05_16. Attempt 1 of 3. Error: ('Connection aborted.', ConnectionResetError(10054, '', None, 10054, None))
2025-07-04 21:11:44,679 - INFO - Retrying in 5 seconds...
2025-07-04 21:11:50,826 - ERROR - Download error for file https://models.datalab.to/text_recognition/2025_05_16/manifest.json: HTTPSConnectionPool(host='models.datalab.to', port=443): Max retries exceeded with url: /text_recognition/2025_05_16/manifest.json (Caused by SSLError(SSLEOFError(8, '[SSL: UNEXPECTED_EOF_WHILE_READING] EOF occurred in violation of protocol (_ssl.c:1017)')))
2025-07-04 21:11:50,828 - ERROR - Error downloading model from text_recognition/2025_05_16. Attempt 2 of 3. Error: HTTPSConnectionPool(host='models.datalab.to', port=443): Max retries exceeded with url: /text_recognition/2025_05_16/manifest.json (Caused by SSLError(SSLEOFError(8, '[SSL: UNEXPECTED_EOF_WHILE_READING] EOF occurred in violation of protocol (_ssl.c:1017)')))
2025-07-04 21:11:50,828 - INFO - Retrying in 5 seconds...
2025-07-04 21:11:57,014 - ERROR - Download error for file https://models.datalab.to/text_recognition/2025_05_16/manifest.json: HTTPSConnectionPool(host='models.datalab.to', port=443): Max retries exceeded with url: /text_recognition/2025_05_16/manifest.json (Caused by SSLError(SSLEOFError(8, '[SSL: UNEXPECTED_EOF_WHILE_READING] EOF occurred in violation of protocol (_ssl.c:1017)')))
2025-07-04 21:11:57,016 - ERROR - Error downloading model from text_recognition/2025_05_16. Attempt 3 of 3. Error: HTTPSConnectionPool(host='models.datalab.to', port=443): Max retries exceeded with url: /text_recognition/2025_05_16/manifest.json (Caused by SSLError(SSLEOFError(8, '[SSL: UNEXPECTED_EOF_WHILE_READING] EOF occurred in violation of protocol (_ssl.c:1017)')))
2025-07-04 21:11:57,017 - ERROR - Failed to download text_recognition/2025_05_16 after 3 attempts.
2025-07-04 21:11:58,071 - ERROR - Download error for file https://models.datalab.to/text_recognition/2025_05_16/manifest.json: ('Connection aborted.', ConnectionResetError(10054, '', None, 10054, None))
2025-07-04 21:11:58,072 - ERROR - Error downloading model from text_recognition/2025_05_16. Attempt 1 of 3. Error: ('Connection aborted.', ConnectionResetError(10054, '', None, 10054, None))
2025-07-04 21:11:58,073 - INFO - Retrying in 5 seconds...
2025-07-04 21:12:07,936 - ERROR - Download error for file https://models.datalab.to/text_recognition/2025_05_16/manifest.json: ('Connection aborted.', ConnectionResetError(10054, '', None, 10054, None))
2025-07-04 21:12:07,938 - ERROR - Error downloading model from text_recognition/2025_05_16. Attempt 2 of 3. Error: ('Connection aborted.', ConnectionResetError(10054, '', None, 10054, None))
2025-07-04 21:12:07,939 - INFO - Retrying in 5 seconds...
2025-07-04 21:12:16,883 - ERROR - Download error for file https://models.datalab.to/text_recognition/2025_05_16/manifest.json: ('Connection aborted.', ConnectionResetError(10054, '', None, 10054, None))
2025-07-04 21:12:16,885 - ERROR - Error downloading model from text_recognition/2025_05_16. Attempt 3 of 3. Error: ('Connection aborted.', ConnectionResetError(10054, '', None, 10054, None))
2025-07-04 21:12:16,885 - ERROR - Failed to download text_recognition/2025_05_16 after 3 attempts.
2025-07-04 21:12:23,795 - ERROR - Download error for file https://models.datalab.to/text_recognition/2025_05_16/manifest.json: ('Connection aborted.', ConnectionResetError(10054, '', None, 10054, None))
2025-07-04 21:12:23,796 - ERROR - Error downloading model from text_recognition/2025_05_16. Attempt 1 of 3. Error: ('Connection aborted.', ConnectionResetError(10054, '', None, 10054, None))
2025-07-04 21:12:23,798 - INFO - Retrying in 5 seconds...
2025-07-04 21:12:32,126 - ERROR - Download error for file https://models.datalab.to/text_recognition/2025_05_16/manifest.json: ('Connection aborted.', ConnectionResetError(10054, '', None, 10054, None))
2025-07-04 21:12:32,128 - ERROR - Error downloading model from text_recognition/2025_05_16. Attempt 2 of 3. Error: ('Connection aborted.', ConnectionResetError(10054, '', None, 10054, None))
2025-07-04 21:12:32,129 - INFO - Retrying in 5 seconds...
2025-07-04 21:12:38,255 - ERROR - Download error for file https://models.datalab.to/text_recognition/2025_05_16/manifest.json: HTTPSConnectionPool(host='models.datalab.to', port=443): Max retries exceeded with url: /text_recognition/2025_05_16/manifest.json (Caused by SSLError(SSLEOFError(8, '[SSL: UNEXPECTED_EOF_WHILE_READING] EOF occurred in violation of protocol (_ssl.c:1017)')))
2025-07-04 21:12:38,256 - ERROR - Error downloading model from text_recognition/2025_05_16. Attempt 3 of 3. Error: HTTPSConnectionPool(host='models.datalab.to', port=443): Max retries exceeded with url: /text_recognition/2025_05_16/manifest.json (Caused by SSLError(SSLEOFError(8, '[SSL: UNEXPECTED_EOF_WHILE_READING] EOF occurred in violation of protocol (_ssl.c:1017)')))
2025-07-04 21:12:38,256 - ERROR - Failed to download text_recognition/2025_05_16 after 3 attempts.
2025-07-04 21:12:40,003 - ERROR - Download error for file https://models.datalab.to/text_recognition/2025_05_16/manifest.json: HTTPSConnectionPool(host='models.datalab.to', port=443): Max retries exceeded with url: /text_recognition/2025_05_16/manifest.json (Caused by SSLError(SSLEOFError(8, '[SSL: UNEXPECTED_EOF_WHILE_READING] EOF occurred in violation of protocol (_ssl.c:1017)')))
2025-07-04 21:12:40,004 - ERROR - Error downloading model from text_recognition/2025_05_16. Attempt 1 of 3. Error: HTTPSConnectionPool(host='models.datalab.to', port=443): Max retries exceeded with url: /text_recognition/2025_05_16/manifest.json (Caused by SSLError(SSLEOFError(8, '[SSL: UNEXPECTED_EOF_WHILE_READING] EOF occurred in violation of protocol (_ssl.c:1017)')))
2025-07-04 21:12:40,005 - INFO - Retrying in 5 seconds...
2025-07-04 21:12:46,148 - ERROR - Download error for file https://models.datalab.to/text_recognition/2025_05_16/manifest.json: HTTPSConnectionPool(host='models.datalab.to', port=443): Max retries exceeded with url: /text_recognition/2025_05_16/manifest.json (Caused by SSLError(SSLEOFError(8, '[SSL: UNEXPECTED_EOF_WHILE_READING] EOF occurred in violation of protocol (_ssl.c:1017)')))
2025-07-04 21:12:46,149 - ERROR - Error downloading model from text_recognition/2025_05_16. Attempt 2 of 3. Error: HTTPSConnectionPool(host='models.datalab.to', port=443): Max retries exceeded with url: /text_recognition/2025_05_16/manifest.json (Caused by SSLError(SSLEOFError(8, '[SSL: UNEXPECTED_EOF_WHILE_READING] EOF occurred in violation of protocol (_ssl.c:1017)')))
2025-07-04 21:12:46,150 - INFO - Retrying in 5 seconds...
2025-07-04 21:12:52,283 - ERROR - Download error for file https://models.datalab.to/text_recognition/2025_05_16/manifest.json: HTTPSConnectionPool(host='models.datalab.to', port=443): Max retries exceeded with url: /text_recognition/2025_05_16/manifest.json (Caused by SSLError(SSLEOFError(8, '[SSL: UNEXPECTED_EOF_WHILE_READING] EOF occurred in violation of protocol (_ssl.c:1017)')))
2025-07-04 21:12:52,285 - ERROR - Error downloading model from text_recognition/2025_05_16. Attempt 3 of 3. Error: HTTPSConnectionPool(host='models.datalab.to', port=443): Max retries exceeded with url: /text_recognition/2025_05_16/manifest.json (Caused by SSLError(SSLEOFError(8, '[SSL: UNEXPECTED_EOF_WHILE_READING] EOF occurred in violation of protocol (_ssl.c:1017)')))
2025-07-04 21:12:52,285 - ERROR - Failed to download text_recognition/2025_05_16 after 3 attempts.
2025-07-04 21:12:53,977 - ERROR - Download error for file https://models.datalab.to/text_recognition/2025_05_16/manifest.json: HTTPSConnectionPool(host='models.datalab.to', port=443): Max retries exceeded with url: /text_recognition/2025_05_16/manifest.json (Caused by SSLError(SSLEOFError(8, '[SSL: UNEXPECTED_EOF_WHILE_READING] EOF occurred in violation of protocol (_ssl.c:1017)')))
2025-07-04 21:12:53,978 - ERROR - Error downloading model from text_recognition/2025_05_16. Attempt 1 of 3. Error: HTTPSConnectionPool(host='models.datalab.to', port=443): Max retries exceeded with url: /text_recognition/2025_05_16/manifest.json (Caused by SSLError(SSLEOFError(8, '[SSL: UNEXPECTED_EOF_WHILE_READING] EOF occurred in violation of protocol (_ssl.c:1017)')))
2025-07-04 21:12:53,979 - INFO - Retrying in 5 seconds...
2025-07-04 21:13:00,131 - ERROR - Download error for file https://models.datalab.to/text_recognition/2025_05_16/manifest.json: HTTPSConnectionPool(host='models.datalab.to', port=443): Max retries exceeded with url: /text_recognition/2025_05_16/manifest.json (Caused by SSLError(SSLEOFError(8, '[SSL: UNEXPECTED_EOF_WHILE_READING] EOF occurred in violation of protocol (_ssl.c:1017)')))
2025-07-04 21:13:00,132 - ERROR - Error downloading model from text_recognition/2025_05_16. Attempt 2 of 3. Error: HTTPSConnectionPool(host='models.datalab.to', port=443): Max retries exceeded with url: /text_recognition/2025_05_16/manifest.json (Caused by SSLError(SSLEOFError(8, '[SSL: UNEXPECTED_EOF_WHILE_READING] EOF occurred in violation of protocol (_ssl.c:1017)')))
2025-07-04 21:13:00,133 - INFO - Retrying in 5 seconds...
2025-07-04 21:13:06,296 - ERROR - Download error for file https://models.datalab.to/text_recognition/2025_05_16/manifest.json: HTTPSConnectionPool(host='models.datalab.to', port=443): Max retries exceeded with url: /text_recognition/2025_05_16/manifest.json (Caused by SSLError(SSLEOFError(8, '[SSL: UNEXPECTED_EOF_WHILE_READING] EOF occurred in violation of protocol (_ssl.c:1017)')))
2025-07-04 21:13:06,298 - ERROR - Error downloading model from text_recognition/2025_05_16. Attempt 3 of 3. Error: HTTPSConnectionPool(host='models.datalab.to', port=443): Max retries exceeded with url: /text_recognition/2025_05_16/manifest.json (Caused by SSLError(SSLEOFError(8, '[SSL: UNEXPECTED_EOF_WHILE_READING] EOF occurred in violation of protocol (_ssl.c:1017)')))
2025-07-04 21:13:06,298 - ERROR - Failed to download text_recognition/2025_05_16 after 3 attempts.
2025-07-04 21:13:08,045 - ERROR - Download error for file https://models.datalab.to/text_recognition/2025_05_16/manifest.json: HTTPSConnectionPool(host='models.datalab.to', port=443): Max retries exceeded with url: /text_recognition/2025_05_16/manifest.json (Caused by SSLError(SSLEOFError(8, '[SSL: UNEXPECTED_EOF_WHILE_READING] EOF occurred in violation of protocol (_ssl.c:1017)')))
2025-07-04 21:13:08,046 - ERROR - Error downloading model from text_recognition/2025_05_16. Attempt 1 of 3. Error: HTTPSConnectionPool(host='models.datalab.to', port=443): Max retries exceeded with url: /text_recognition/2025_05_16/manifest.json (Caused by SSLError(SSLEOFError(8, '[SSL: UNEXPECTED_EOF_WHILE_READING] EOF occurred in violation of protocol (_ssl.c:1017)')))
2025-07-04 21:13:08,047 - INFO - Retrying in 5 seconds...
2025-07-04 21:13:14,187 - ERROR - Download error for file https://models.datalab.to/text_recognition/2025_05_16/manifest.json: HTTPSConnectionPool(host='models.datalab.to', port=443): Max retries exceeded with url: /text_recognition/2025_05_16/manifest.json (Caused by SSLError(SSLEOFError(8, '[SSL: UNEXPECTED_EOF_WHILE_READING] EOF occurred in violation of protocol (_ssl.c:1017)')))
2025-07-04 21:13:14,188 - ERROR - Error downloading model from text_recognition/2025_05_16. Attempt 2 of 3. Error: HTTPSConnectionPool(host='models.datalab.to', port=443): Max retries exceeded with url: /text_recognition/2025_05_16/manifest.json (Caused by SSLError(SSLEOFError(8, '[SSL: UNEXPECTED_EOF_WHILE_READING] EOF occurred in violation of protocol (_ssl.c:1017)')))
2025-07-04 21:13:14,188 - INFO - Retrying in 5 seconds...
2025-07-04 21:13:20,319 - ERROR - Download error for file https://models.datalab.to/text_recognition/2025_05_16/manifest.json: HTTPSConnectionPool(host='models.datalab.to', port=443): Max retries exceeded with url: /text_recognition/2025_05_16/manifest.json (Caused by SSLError(SSLEOFError(8, '[SSL: UNEXPECTED_EOF_WHILE_READING] EOF occurred in violation of protocol (_ssl.c:1017)')))
2025-07-04 21:13:20,320 - ERROR - Error downloading model from text_recognition/2025_05_16. Attempt 3 of 3. Error: HTTPSConnectionPool(host='models.datalab.to', port=443): Max retries exceeded with url: /text_recognition/2025_05_16/manifest.json (Caused by SSLError(SSLEOFError(8, '[SSL: UNEXPECTED_EOF_WHILE_READING] EOF occurred in violation of protocol (_ssl.c:1017)')))
2025-07-04 21:13:20,320 - ERROR - Failed to download text_recognition/2025_05_16 after 3 attempts.
2025-07-04 21:13:22,018 - ERROR - Download error for file https://models.datalab.to/text_recognition/2025_05_16/manifest.json: HTTPSConnectionPool(host='models.datalab.to', port=443): Max retries exceeded with url: /text_recognition/2025_05_16/manifest.json (Caused by SSLError(SSLEOFError(8, '[SSL: UNEXPECTED_EOF_WHILE_READING] EOF occurred in violation of protocol (_ssl.c:1017)')))
2025-07-04 21:13:22,019 - ERROR - Error downloading model from text_recognition/2025_05_16. Attempt 1 of 3. Error: HTTPSConnectionPool(host='models.datalab.to', port=443): Max retries exceeded with url: /text_recognition/2025_05_16/manifest.json (Caused by SSLError(SSLEOFError(8, '[SSL: UNEXPECTED_EOF_WHILE_READING] EOF occurred in violation of protocol (_ssl.c:1017)')))
2025-07-04 21:13:22,020 - INFO - Retrying in 5 seconds...
2025-07-04 21:13:28,147 - ERROR - Download error for file https://models.datalab.to/text_recognition/2025_05_16/manifest.json: HTTPSConnectionPool(host='models.datalab.to', port=443): Max retries exceeded with url: /text_recognition/2025_05_16/manifest.json (Caused by SSLError(SSLEOFError(8, '[SSL: UNEXPECTED_EOF_WHILE_READING] EOF occurred in violation of protocol (_ssl.c:1017)')))
2025-07-04 21:13:28,148 - ERROR - Error downloading model from text_recognition/2025_05_16. Attempt 2 of 3. Error: HTTPSConnectionPool(host='models.datalab.to', port=443): Max retries exceeded with url: /text_recognition/2025_05_16/manifest.json (Caused by SSLError(SSLEOFError(8, '[SSL: UNEXPECTED_EOF_WHILE_READING] EOF occurred in violation of protocol (_ssl.c:1017)')))
2025-07-04 21:13:28,149 - INFO - Retrying in 5 seconds...
2025-07-04 21:13:45,189 - ERROR - Download error for file https://models.datalab.to/text_recognition/2025_05_16/manifest.json: ('Connection aborted.', ConnectionResetError(10054, '', None, 10054, None))
2025-07-04 21:13:45,191 - ERROR - Error downloading model from text_recognition/2025_05_16. Attempt 3 of 3. Error: ('Connection aborted.', ConnectionResetError(10054, '', None, 10054, None))
2025-07-04 21:13:45,192 - ERROR - Failed to download text_recognition/2025_05_16 after 3 attempts.
2025-07-04 21:13:51,925 - ERROR - Download error for file https://models.datalab.to/text_recognition/2025_05_16/manifest.json: ('Connection aborted.', ConnectionResetError(10054, '', None, 10054, None))
2025-07-04 21:13:51,927 - ERROR - Error downloading model from text_recognition/2025_05_16. Attempt 1 of 3. Error: ('Connection aborted.', ConnectionResetError(10054, '', None, 10054, None))
2025-07-04 21:13:51,928 - INFO - Retrying in 5 seconds...
2025-07-04 21:13:57,112 - ERROR - Download error for file https://models.datalab.to/text_recognition/2025_05_16/manifest.json: ('Connection aborted.', ConnectionResetError(10054, '', None, 10054, None))
2025-07-04 21:13:57,114 - ERROR - Error downloading model from text_recognition/2025_05_16. Attempt 2 of 3. Error: ('Connection aborted.', ConnectionResetError(10054, '', None, 10054, None))
2025-07-04 21:13:57,114 - INFO - Retrying in 5 seconds...
2025-07-04 21:14:03,115 - ERROR - Download error for file https://models.datalab.to/text_recognition/2025_05_16/manifest.json: ('Connection aborted.', ConnectionResetError(10054, '', None, 10054, None))
2025-07-04 21:14:03,116 - ERROR - Error downloading model from text_recognition/2025_05_16. Attempt 3 of 3. Error: ('Connection aborted.', ConnectionResetError(10054, '', None, 10054, None))
2025-07-04 21:14:03,117 - ERROR - Failed to download text_recognition/2025_05_16 after 3 attempts.
2025-07-04 21:14:11,582 - ERROR - Download error for file https://models.datalab.to/text_recognition/2025_05_16/manifest.json: HTTPSConnectionPool(host='models.datalab.to', port=443): Max retries exceeded with url: /text_recognition/2025_05_16/manifest.json (Caused by SSLError(SSLEOFError(8, '[SSL: UNEXPECTED_EOF_WHILE_READING] EOF occurred in violation of protocol (_ssl.c:1017)')))
2025-07-04 21:14:11,583 - ERROR - Error downloading model from text_recognition/2025_05_16. Attempt 1 of 3. Error: HTTPSConnectionPool(host='models.datalab.to', port=443): Max retries exceeded with url: /text_recognition/2025_05_16/manifest.json (Caused by SSLError(SSLEOFError(8, '[SSL: UNEXPECTED_EOF_WHILE_READING] EOF occurred in violation of protocol (_ssl.c:1017)')))
2025-07-04 21:14:11,584 - INFO - Retrying in 5 seconds...
2025-07-04 21:14:19,246 - ERROR - Download error for file https://models.datalab.to/text_recognition/2025_05_16/manifest.json: ('Connection aborted.', ConnectionResetError(10054, '', None, 10054, None))
2025-07-04 21:14:19,248 - ERROR - Error downloading model from text_recognition/2025_05_16. Attempt 2 of 3. Error: ('Connection aborted.', ConnectionResetError(10054, '', None, 10054, None))
2025-07-04 21:14:19,249 - INFO - Retrying in 5 seconds...
2025-07-04 21:14:25,435 - ERROR - Download error for file https://models.datalab.to/text_recognition/2025_05_16/manifest.json: ('Connection aborted.', ConnectionResetError(10054, '', None, 10054, None))
2025-07-04 21:14:25,437 - ERROR - Error downloading model from text_recognition/2025_05_16. Attempt 3 of 3. Error: ('Connection aborted.', ConnectionResetError(10054, '', None, 10054, None))
2025-07-04 21:14:25,437 - ERROR - Failed to download text_recognition/2025_05_16 after 3 attempts.
2025-07-04 21:14:30,571 - ERROR - Download error for file https://models.datalab.to/text_recognition/2025_05_16/manifest.json: ('Connection aborted.', ConnectionResetError(10054, '', None, 10054, None))
2025-07-04 21:14:30,573 - ERROR - Error downloading model from text_recognition/2025_05_16. Attempt 1 of 3. Error: ('Connection aborted.', ConnectionResetError(10054, '', None, 10054, None))
2025-07-04 21:14:30,574 - INFO - Retrying in 5 seconds...
2025-07-04 21:14:52,287 - ERROR - Download error for file https://models.datalab.to/text_recognition/2025_05_16/manifest.json: ('Connection aborted.', ConnectionResetError(10054, '', None, 10054, None))
2025-07-04 21:14:52,288 - ERROR - Error downloading model from text_recognition/2025_05_16. Attempt 2 of 3. Error: ('Connection aborted.', ConnectionResetError(10054, '', None, 10054, None))
2025-07-04 21:14:52,289 - INFO - Retrying in 5 seconds...
2025-07-04 21:14:58,428 - ERROR - Download error for file https://models.datalab.to/text_recognition/2025_05_16/manifest.json: HTTPSConnectionPool(host='models.datalab.to', port=443): Max retries exceeded with url: /text_recognition/2025_05_16/manifest.json (Caused by SSLError(SSLEOFError(8, '[SSL: UNEXPECTED_EOF_WHILE_READING] EOF occurred in violation of protocol (_ssl.c:1017)')))
2025-07-04 21:14:58,429 - ERROR - Error downloading model from text_recognition/2025_05_16. Attempt 3 of 3. Error: HTTPSConnectionPool(host='models.datalab.to', port=443): Max retries exceeded with url: /text_recognition/2025_05_16/manifest.json (Caused by SSLError(SSLEOFError(8, '[SSL: UNEXPECTED_EOF_WHILE_READING] EOF occurred in violation of protocol (_ssl.c:1017)')))
2025-07-04 21:14:58,429 - ERROR - Failed to download text_recognition/2025_05_16 after 3 attempts.
2025-07-04 21:15:00,144 - ERROR - Download error for file https://models.datalab.to/text_recognition/2025_05_16/manifest.json: HTTPSConnectionPool(host='models.datalab.to', port=443): Max retries exceeded with url: /text_recognition/2025_05_16/manifest.json (Caused by SSLError(SSLEOFError(8, '[SSL: UNEXPECTED_EOF_WHILE_READING] EOF occurred in violation of protocol (_ssl.c:1017)')))
2025-07-04 21:15:00,145 - ERROR - Error downloading model from text_recognition/2025_05_16. Attempt 1 of 3. Error: HTTPSConnectionPool(host='models.datalab.to', port=443): Max retries exceeded with url: /text_recognition/2025_05_16/manifest.json (Caused by SSLError(SSLEOFError(8, '[SSL: UNEXPECTED_EOF_WHILE_READING] EOF occurred in violation of protocol (_ssl.c:1017)')))
2025-07-04 21:15:00,145 - INFO - Retrying in 5 seconds...
2025-07-04 21:15:06,287 - ERROR - Download error for file https://models.datalab.to/text_recognition/2025_05_16/manifest.json: HTTPSConnectionPool(host='models.datalab.to', port=443): Max retries exceeded with url: /text_recognition/2025_05_16/manifest.json (Caused by SSLError(SSLEOFError(8, '[SSL: UNEXPECTED_EOF_WHILE_READING] EOF occurred in violation of protocol (_ssl.c:1017)')))
2025-07-04 21:15:06,288 - ERROR - Error downloading model from text_recognition/2025_05_16. Attempt 2 of 3. Error: HTTPSConnectionPool(host='models.datalab.to', port=443): Max retries exceeded with url: /text_recognition/2025_05_16/manifest.json (Caused by SSLError(SSLEOFError(8, '[SSL: UNEXPECTED_EOF_WHILE_READING] EOF occurred in violation of protocol (_ssl.c:1017)')))
2025-07-04 21:15:06,289 - INFO - Retrying in 5 seconds...
2025-07-04 21:15:16,738 - ERROR - Download error for file https://models.datalab.to/text_recognition/2025_05_16/manifest.json: ('Connection aborted.', ConnectionResetError(10054, '', None, 10054, None))
2025-07-04 21:15:16,739 - ERROR - Error downloading model from text_recognition/2025_05_16. Attempt 3 of 3. Error: ('Connection aborted.', ConnectionResetError(10054, '', None, 10054, None))
2025-07-04 21:15:16,740 - ERROR - Failed to download text_recognition/2025_05_16 after 3 attempts.
2025-07-04 21:16:18,733 - ERROR - Download error for file https://models.datalab.to/text_recognition/2025_05_16/manifest.json: ('Connection aborted.', ConnectionResetError(10054, '', None, 10054, None))
2025-07-04 21:16:18,734 - ERROR - Error downloading model from text_recognition/2025_05_16. Attempt 1 of 3. Error: ('Connection aborted.', ConnectionResetError(10054, '', None, 10054, None))
2025-07-04 21:16:18,735 - INFO - Retrying in 5 seconds...
